[2025-04-16T12:58:09.704+0000] {processor.py:161} INFO - Started process (PID=1630) to work on /opt/airflow/dags/StockMarketScripts/API_Call.py
[2025-04-16T12:58:09.705+0000] {processor.py:830} INFO - Processing file /opt/airflow/dags/StockMarketScripts/API_Call.py for tasks to queue
[2025-04-16T12:58:09.706+0000] {logging_mixin.py:188} INFO - [2025-04-16T12:58:09.706+0000] {dagbag.py:538} INFO - Filling up the DagBag from /opt/airflow/dags/StockMarketScripts/API_Call.py
[2025-04-16T12:58:09.723+0000] {processor.py:842} WARNING - No viable dags retrieved from /opt/airflow/dags/StockMarketScripts/API_Call.py
[2025-04-16T12:58:09.742+0000] {processor.py:183} INFO - Processing /opt/airflow/dags/StockMarketScripts/API_Call.py took 0.041 seconds
[2025-04-16T12:58:40.227+0000] {processor.py:161} INFO - Started process (PID=1640) to work on /opt/airflow/dags/StockMarketScripts/API_Call.py
[2025-04-16T12:58:40.228+0000] {processor.py:830} INFO - Processing file /opt/airflow/dags/StockMarketScripts/API_Call.py for tasks to queue
[2025-04-16T12:58:40.229+0000] {logging_mixin.py:188} INFO - [2025-04-16T12:58:40.229+0000] {dagbag.py:538} INFO - Filling up the DagBag from /opt/airflow/dags/StockMarketScripts/API_Call.py
[2025-04-16T12:58:40.247+0000] {processor.py:842} WARNING - No viable dags retrieved from /opt/airflow/dags/StockMarketScripts/API_Call.py
[2025-04-16T12:58:40.258+0000] {processor.py:183} INFO - Processing /opt/airflow/dags/StockMarketScripts/API_Call.py took 0.036 seconds
[2025-04-16T12:59:10.721+0000] {processor.py:161} INFO - Started process (PID=1650) to work on /opt/airflow/dags/StockMarketScripts/API_Call.py
[2025-04-16T12:59:10.722+0000] {processor.py:830} INFO - Processing file /opt/airflow/dags/StockMarketScripts/API_Call.py for tasks to queue
[2025-04-16T12:59:10.723+0000] {logging_mixin.py:188} INFO - [2025-04-16T12:59:10.722+0000] {dagbag.py:538} INFO - Filling up the DagBag from /opt/airflow/dags/StockMarketScripts/API_Call.py
[2025-04-16T12:59:10.739+0000] {processor.py:842} WARNING - No viable dags retrieved from /opt/airflow/dags/StockMarketScripts/API_Call.py
[2025-04-16T12:59:10.752+0000] {processor.py:183} INFO - Processing /opt/airflow/dags/StockMarketScripts/API_Call.py took 0.034 seconds
[2025-04-16T12:59:41.239+0000] {processor.py:161} INFO - Started process (PID=1661) to work on /opt/airflow/dags/StockMarketScripts/API_Call.py
[2025-04-16T12:59:41.240+0000] {processor.py:830} INFO - Processing file /opt/airflow/dags/StockMarketScripts/API_Call.py for tasks to queue
[2025-04-16T12:59:41.241+0000] {logging_mixin.py:188} INFO - [2025-04-16T12:59:41.240+0000] {dagbag.py:538} INFO - Filling up the DagBag from /opt/airflow/dags/StockMarketScripts/API_Call.py
[2025-04-16T12:59:41.257+0000] {processor.py:842} WARNING - No viable dags retrieved from /opt/airflow/dags/StockMarketScripts/API_Call.py
[2025-04-16T12:59:41.268+0000] {processor.py:183} INFO - Processing /opt/airflow/dags/StockMarketScripts/API_Call.py took 0.032 seconds
[2025-04-16T13:00:11.764+0000] {processor.py:161} INFO - Started process (PID=1671) to work on /opt/airflow/dags/StockMarketScripts/API_Call.py
[2025-04-16T13:00:11.765+0000] {processor.py:830} INFO - Processing file /opt/airflow/dags/StockMarketScripts/API_Call.py for tasks to queue
[2025-04-16T13:00:11.766+0000] {logging_mixin.py:188} INFO - [2025-04-16T13:00:11.766+0000] {dagbag.py:538} INFO - Filling up the DagBag from /opt/airflow/dags/StockMarketScripts/API_Call.py
[2025-04-16T13:00:11.783+0000] {processor.py:842} WARNING - No viable dags retrieved from /opt/airflow/dags/StockMarketScripts/API_Call.py
[2025-04-16T13:00:11.794+0000] {processor.py:183} INFO - Processing /opt/airflow/dags/StockMarketScripts/API_Call.py took 0.033 seconds
[2025-04-16T13:00:24.921+0000] {processor.py:161} INFO - Started process (PID=1679) to work on /opt/airflow/dags/StockMarketScripts/API_Call.py
[2025-04-16T13:00:24.922+0000] {processor.py:830} INFO - Processing file /opt/airflow/dags/StockMarketScripts/API_Call.py for tasks to queue
[2025-04-16T13:00:24.923+0000] {logging_mixin.py:188} INFO - [2025-04-16T13:00:24.923+0000] {dagbag.py:538} INFO - Filling up the DagBag from /opt/airflow/dags/StockMarketScripts/API_Call.py
[2025-04-16T13:00:24.946+0000] {processor.py:842} WARNING - No viable dags retrieved from /opt/airflow/dags/StockMarketScripts/API_Call.py
[2025-04-16T13:00:24.958+0000] {processor.py:183} INFO - Processing /opt/airflow/dags/StockMarketScripts/API_Call.py took 0.040 seconds
[2025-04-16T13:00:55.471+0000] {processor.py:161} INFO - Started process (PID=1689) to work on /opt/airflow/dags/StockMarketScripts/API_Call.py
[2025-04-16T13:00:55.472+0000] {processor.py:830} INFO - Processing file /opt/airflow/dags/StockMarketScripts/API_Call.py for tasks to queue
[2025-04-16T13:00:55.473+0000] {logging_mixin.py:188} INFO - [2025-04-16T13:00:55.473+0000] {dagbag.py:538} INFO - Filling up the DagBag from /opt/airflow/dags/StockMarketScripts/API_Call.py
[2025-04-16T13:00:55.490+0000] {processor.py:842} WARNING - No viable dags retrieved from /opt/airflow/dags/StockMarketScripts/API_Call.py
[2025-04-16T13:00:55.502+0000] {processor.py:183} INFO - Processing /opt/airflow/dags/StockMarketScripts/API_Call.py took 0.034 seconds
[2025-04-16T13:01:25.968+0000] {processor.py:161} INFO - Started process (PID=1699) to work on /opt/airflow/dags/StockMarketScripts/API_Call.py
[2025-04-16T13:01:25.969+0000] {processor.py:830} INFO - Processing file /opt/airflow/dags/StockMarketScripts/API_Call.py for tasks to queue
[2025-04-16T13:01:25.970+0000] {logging_mixin.py:188} INFO - [2025-04-16T13:01:25.970+0000] {dagbag.py:538} INFO - Filling up the DagBag from /opt/airflow/dags/StockMarketScripts/API_Call.py
[2025-04-16T13:01:25.987+0000] {processor.py:842} WARNING - No viable dags retrieved from /opt/airflow/dags/StockMarketScripts/API_Call.py
[2025-04-16T13:01:25.999+0000] {processor.py:183} INFO - Processing /opt/airflow/dags/StockMarketScripts/API_Call.py took 0.034 seconds
[2025-04-16T13:01:56.413+0000] {processor.py:161} INFO - Started process (PID=1708) to work on /opt/airflow/dags/StockMarketScripts/API_Call.py
[2025-04-16T13:01:56.415+0000] {processor.py:830} INFO - Processing file /opt/airflow/dags/StockMarketScripts/API_Call.py for tasks to queue
[2025-04-16T13:01:56.416+0000] {logging_mixin.py:188} INFO - [2025-04-16T13:01:56.416+0000] {dagbag.py:538} INFO - Filling up the DagBag from /opt/airflow/dags/StockMarketScripts/API_Call.py
[2025-04-16T13:01:56.433+0000] {processor.py:842} WARNING - No viable dags retrieved from /opt/airflow/dags/StockMarketScripts/API_Call.py
[2025-04-16T13:01:56.447+0000] {processor.py:183} INFO - Processing /opt/airflow/dags/StockMarketScripts/API_Call.py took 0.039 seconds
[2025-04-16T13:02:26.853+0000] {processor.py:161} INFO - Started process (PID=1717) to work on /opt/airflow/dags/StockMarketScripts/API_Call.py
[2025-04-16T13:02:26.854+0000] {processor.py:830} INFO - Processing file /opt/airflow/dags/StockMarketScripts/API_Call.py for tasks to queue
[2025-04-16T13:02:26.855+0000] {logging_mixin.py:188} INFO - [2025-04-16T13:02:26.855+0000] {dagbag.py:538} INFO - Filling up the DagBag from /opt/airflow/dags/StockMarketScripts/API_Call.py
[2025-04-16T13:02:26.873+0000] {processor.py:842} WARNING - No viable dags retrieved from /opt/airflow/dags/StockMarketScripts/API_Call.py
[2025-04-16T13:02:26.886+0000] {processor.py:183} INFO - Processing /opt/airflow/dags/StockMarketScripts/API_Call.py took 0.037 seconds
[2025-04-16T13:02:29.894+0000] {processor.py:161} INFO - Started process (PID=1718) to work on /opt/airflow/dags/StockMarketScripts/API_Call.py
[2025-04-16T13:02:29.895+0000] {processor.py:830} INFO - Processing file /opt/airflow/dags/StockMarketScripts/API_Call.py for tasks to queue
[2025-04-16T13:02:29.896+0000] {logging_mixin.py:188} INFO - [2025-04-16T13:02:29.896+0000] {dagbag.py:538} INFO - Filling up the DagBag from /opt/airflow/dags/StockMarketScripts/API_Call.py
[2025-04-16T13:02:29.920+0000] {processor.py:842} WARNING - No viable dags retrieved from /opt/airflow/dags/StockMarketScripts/API_Call.py
[2025-04-16T13:02:29.931+0000] {processor.py:183} INFO - Processing /opt/airflow/dags/StockMarketScripts/API_Call.py took 0.041 seconds
[2025-04-16T13:03:00.370+0000] {processor.py:161} INFO - Started process (PID=1727) to work on /opt/airflow/dags/StockMarketScripts/API_Call.py
[2025-04-16T13:03:00.371+0000] {processor.py:830} INFO - Processing file /opt/airflow/dags/StockMarketScripts/API_Call.py for tasks to queue
[2025-04-16T13:03:00.372+0000] {logging_mixin.py:188} INFO - [2025-04-16T13:03:00.372+0000] {dagbag.py:538} INFO - Filling up the DagBag from /opt/airflow/dags/StockMarketScripts/API_Call.py
[2025-04-16T13:03:00.388+0000] {processor.py:842} WARNING - No viable dags retrieved from /opt/airflow/dags/StockMarketScripts/API_Call.py
[2025-04-16T13:03:00.400+0000] {processor.py:183} INFO - Processing /opt/airflow/dags/StockMarketScripts/API_Call.py took 0.033 seconds
[2025-04-16T13:03:30.788+0000] {processor.py:161} INFO - Started process (PID=1738) to work on /opt/airflow/dags/StockMarketScripts/API_Call.py
[2025-04-16T13:03:30.789+0000] {processor.py:830} INFO - Processing file /opt/airflow/dags/StockMarketScripts/API_Call.py for tasks to queue
[2025-04-16T13:03:30.790+0000] {logging_mixin.py:188} INFO - [2025-04-16T13:03:30.790+0000] {dagbag.py:538} INFO - Filling up the DagBag from /opt/airflow/dags/StockMarketScripts/API_Call.py
[2025-04-16T13:03:30.806+0000] {processor.py:842} WARNING - No viable dags retrieved from /opt/airflow/dags/StockMarketScripts/API_Call.py
[2025-04-16T13:03:30.818+0000] {processor.py:183} INFO - Processing /opt/airflow/dags/StockMarketScripts/API_Call.py took 0.033 seconds
[2025-04-16T13:04:01.583+0000] {processor.py:161} INFO - Started process (PID=1749) to work on /opt/airflow/dags/StockMarketScripts/API_Call.py
[2025-04-16T13:04:01.584+0000] {processor.py:830} INFO - Processing file /opt/airflow/dags/StockMarketScripts/API_Call.py for tasks to queue
[2025-04-16T13:04:01.584+0000] {logging_mixin.py:188} INFO - [2025-04-16T13:04:01.584+0000] {dagbag.py:538} INFO - Filling up the DagBag from /opt/airflow/dags/StockMarketScripts/API_Call.py
[2025-04-16T13:04:01.600+0000] {processor.py:842} WARNING - No viable dags retrieved from /opt/airflow/dags/StockMarketScripts/API_Call.py
[2025-04-16T13:04:01.612+0000] {processor.py:183} INFO - Processing /opt/airflow/dags/StockMarketScripts/API_Call.py took 0.032 seconds
[2025-04-16T13:04:32.342+0000] {processor.py:161} INFO - Started process (PID=1760) to work on /opt/airflow/dags/StockMarketScripts/API_Call.py
[2025-04-16T13:04:32.343+0000] {processor.py:830} INFO - Processing file /opt/airflow/dags/StockMarketScripts/API_Call.py for tasks to queue
[2025-04-16T13:04:32.344+0000] {logging_mixin.py:188} INFO - [2025-04-16T13:04:32.343+0000] {dagbag.py:538} INFO - Filling up the DagBag from /opt/airflow/dags/StockMarketScripts/API_Call.py
[2025-04-16T13:04:32.360+0000] {processor.py:842} WARNING - No viable dags retrieved from /opt/airflow/dags/StockMarketScripts/API_Call.py
[2025-04-16T13:04:32.372+0000] {processor.py:183} INFO - Processing /opt/airflow/dags/StockMarketScripts/API_Call.py took 0.033 seconds
[2025-04-16T13:05:03.133+0000] {processor.py:161} INFO - Started process (PID=1771) to work on /opt/airflow/dags/StockMarketScripts/API_Call.py
[2025-04-16T13:05:03.134+0000] {processor.py:830} INFO - Processing file /opt/airflow/dags/StockMarketScripts/API_Call.py for tasks to queue
[2025-04-16T13:05:03.135+0000] {logging_mixin.py:188} INFO - [2025-04-16T13:05:03.134+0000] {dagbag.py:538} INFO - Filling up the DagBag from /opt/airflow/dags/StockMarketScripts/API_Call.py
[2025-04-16T13:05:03.152+0000] {processor.py:842} WARNING - No viable dags retrieved from /opt/airflow/dags/StockMarketScripts/API_Call.py
[2025-04-16T13:05:03.164+0000] {processor.py:183} INFO - Processing /opt/airflow/dags/StockMarketScripts/API_Call.py took 0.036 seconds
[2025-04-16T13:05:33.811+0000] {processor.py:161} INFO - Started process (PID=1782) to work on /opt/airflow/dags/StockMarketScripts/API_Call.py
[2025-04-16T13:05:33.812+0000] {processor.py:830} INFO - Processing file /opt/airflow/dags/StockMarketScripts/API_Call.py for tasks to queue
[2025-04-16T13:05:33.813+0000] {logging_mixin.py:188} INFO - [2025-04-16T13:05:33.813+0000] {dagbag.py:538} INFO - Filling up the DagBag from /opt/airflow/dags/StockMarketScripts/API_Call.py
[2025-04-16T13:05:33.830+0000] {processor.py:842} WARNING - No viable dags retrieved from /opt/airflow/dags/StockMarketScripts/API_Call.py
[2025-04-16T13:05:33.842+0000] {processor.py:183} INFO - Processing /opt/airflow/dags/StockMarketScripts/API_Call.py took 0.034 seconds
[2025-04-16T13:06:04.632+0000] {processor.py:161} INFO - Started process (PID=1793) to work on /opt/airflow/dags/StockMarketScripts/API_Call.py
[2025-04-16T13:06:04.633+0000] {processor.py:830} INFO - Processing file /opt/airflow/dags/StockMarketScripts/API_Call.py for tasks to queue
[2025-04-16T13:06:04.633+0000] {logging_mixin.py:188} INFO - [2025-04-16T13:06:04.633+0000] {dagbag.py:538} INFO - Filling up the DagBag from /opt/airflow/dags/StockMarketScripts/API_Call.py
[2025-04-16T13:06:04.649+0000] {processor.py:842} WARNING - No viable dags retrieved from /opt/airflow/dags/StockMarketScripts/API_Call.py
[2025-04-16T13:06:04.661+0000] {processor.py:183} INFO - Processing /opt/airflow/dags/StockMarketScripts/API_Call.py took 0.033 seconds
[2025-04-16T13:06:35.414+0000] {processor.py:161} INFO - Started process (PID=1804) to work on /opt/airflow/dags/StockMarketScripts/API_Call.py
[2025-04-16T13:06:35.415+0000] {processor.py:830} INFO - Processing file /opt/airflow/dags/StockMarketScripts/API_Call.py for tasks to queue
[2025-04-16T13:06:35.415+0000] {logging_mixin.py:188} INFO - [2025-04-16T13:06:35.415+0000] {dagbag.py:538} INFO - Filling up the DagBag from /opt/airflow/dags/StockMarketScripts/API_Call.py
[2025-04-16T13:06:35.432+0000] {processor.py:842} WARNING - No viable dags retrieved from /opt/airflow/dags/StockMarketScripts/API_Call.py
[2025-04-16T13:06:35.443+0000] {processor.py:183} INFO - Processing /opt/airflow/dags/StockMarketScripts/API_Call.py took 0.033 seconds
[2025-04-16T13:07:06.192+0000] {processor.py:161} INFO - Started process (PID=1815) to work on /opt/airflow/dags/StockMarketScripts/API_Call.py
[2025-04-16T13:07:06.193+0000] {processor.py:830} INFO - Processing file /opt/airflow/dags/StockMarketScripts/API_Call.py for tasks to queue
[2025-04-16T13:07:06.194+0000] {logging_mixin.py:188} INFO - [2025-04-16T13:07:06.194+0000] {dagbag.py:538} INFO - Filling up the DagBag from /opt/airflow/dags/StockMarketScripts/API_Call.py
[2025-04-16T13:07:06.210+0000] {processor.py:842} WARNING - No viable dags retrieved from /opt/airflow/dags/StockMarketScripts/API_Call.py
[2025-04-16T13:07:06.222+0000] {processor.py:183} INFO - Processing /opt/airflow/dags/StockMarketScripts/API_Call.py took 0.033 seconds
[2025-04-16T13:07:36.881+0000] {processor.py:161} INFO - Started process (PID=1826) to work on /opt/airflow/dags/StockMarketScripts/API_Call.py
[2025-04-16T13:07:36.882+0000] {processor.py:830} INFO - Processing file /opt/airflow/dags/StockMarketScripts/API_Call.py for tasks to queue
[2025-04-16T13:07:36.883+0000] {logging_mixin.py:188} INFO - [2025-04-16T13:07:36.883+0000] {dagbag.py:538} INFO - Filling up the DagBag from /opt/airflow/dags/StockMarketScripts/API_Call.py
[2025-04-16T13:07:36.899+0000] {processor.py:842} WARNING - No viable dags retrieved from /opt/airflow/dags/StockMarketScripts/API_Call.py
[2025-04-16T13:07:36.911+0000] {processor.py:183} INFO - Processing /opt/airflow/dags/StockMarketScripts/API_Call.py took 0.033 seconds
[2025-04-16T13:08:07.695+0000] {processor.py:161} INFO - Started process (PID=1837) to work on /opt/airflow/dags/StockMarketScripts/API_Call.py
[2025-04-16T13:08:07.696+0000] {processor.py:830} INFO - Processing file /opt/airflow/dags/StockMarketScripts/API_Call.py for tasks to queue
[2025-04-16T13:08:07.697+0000] {logging_mixin.py:188} INFO - [2025-04-16T13:08:07.697+0000] {dagbag.py:538} INFO - Filling up the DagBag from /opt/airflow/dags/StockMarketScripts/API_Call.py
[2025-04-16T13:08:07.714+0000] {processor.py:842} WARNING - No viable dags retrieved from /opt/airflow/dags/StockMarketScripts/API_Call.py
[2025-04-16T13:08:07.725+0000] {processor.py:183} INFO - Processing /opt/airflow/dags/StockMarketScripts/API_Call.py took 0.033 seconds
[2025-04-16T13:08:38.142+0000] {processor.py:161} INFO - Started process (PID=1848) to work on /opt/airflow/dags/StockMarketScripts/API_Call.py
[2025-04-16T13:08:38.143+0000] {processor.py:830} INFO - Processing file /opt/airflow/dags/StockMarketScripts/API_Call.py for tasks to queue
[2025-04-16T13:08:38.143+0000] {logging_mixin.py:188} INFO - [2025-04-16T13:08:38.143+0000] {dagbag.py:538} INFO - Filling up the DagBag from /opt/airflow/dags/StockMarketScripts/API_Call.py
[2025-04-16T13:08:38.159+0000] {processor.py:842} WARNING - No viable dags retrieved from /opt/airflow/dags/StockMarketScripts/API_Call.py
[2025-04-16T13:08:38.170+0000] {processor.py:183} INFO - Processing /opt/airflow/dags/StockMarketScripts/API_Call.py took 0.032 seconds
[2025-04-16T13:09:08.927+0000] {processor.py:161} INFO - Started process (PID=1859) to work on /opt/airflow/dags/StockMarketScripts/API_Call.py
[2025-04-16T13:09:08.928+0000] {processor.py:830} INFO - Processing file /opt/airflow/dags/StockMarketScripts/API_Call.py for tasks to queue
[2025-04-16T13:09:08.929+0000] {logging_mixin.py:188} INFO - [2025-04-16T13:09:08.929+0000] {dagbag.py:538} INFO - Filling up the DagBag from /opt/airflow/dags/StockMarketScripts/API_Call.py
[2025-04-16T13:09:08.945+0000] {processor.py:842} WARNING - No viable dags retrieved from /opt/airflow/dags/StockMarketScripts/API_Call.py
[2025-04-16T13:09:08.957+0000] {processor.py:183} INFO - Processing /opt/airflow/dags/StockMarketScripts/API_Call.py took 0.033 seconds
[2025-04-16T13:09:39.584+0000] {processor.py:161} INFO - Started process (PID=1870) to work on /opt/airflow/dags/StockMarketScripts/API_Call.py
[2025-04-16T13:09:39.584+0000] {processor.py:830} INFO - Processing file /opt/airflow/dags/StockMarketScripts/API_Call.py for tasks to queue
[2025-04-16T13:09:39.585+0000] {logging_mixin.py:188} INFO - [2025-04-16T13:09:39.585+0000] {dagbag.py:538} INFO - Filling up the DagBag from /opt/airflow/dags/StockMarketScripts/API_Call.py
[2025-04-16T13:09:39.601+0000] {processor.py:842} WARNING - No viable dags retrieved from /opt/airflow/dags/StockMarketScripts/API_Call.py
[2025-04-16T13:09:39.612+0000] {processor.py:183} INFO - Processing /opt/airflow/dags/StockMarketScripts/API_Call.py took 0.032 seconds
[2025-04-16T13:10:10.396+0000] {processor.py:161} INFO - Started process (PID=1881) to work on /opt/airflow/dags/StockMarketScripts/API_Call.py
[2025-04-16T13:10:10.397+0000] {processor.py:830} INFO - Processing file /opt/airflow/dags/StockMarketScripts/API_Call.py for tasks to queue
[2025-04-16T13:10:10.397+0000] {logging_mixin.py:188} INFO - [2025-04-16T13:10:10.397+0000] {dagbag.py:538} INFO - Filling up the DagBag from /opt/airflow/dags/StockMarketScripts/API_Call.py
[2025-04-16T13:10:10.413+0000] {processor.py:842} WARNING - No viable dags retrieved from /opt/airflow/dags/StockMarketScripts/API_Call.py
[2025-04-16T13:10:10.425+0000] {processor.py:183} INFO - Processing /opt/airflow/dags/StockMarketScripts/API_Call.py took 0.032 seconds
[2025-04-16T13:10:41.198+0000] {processor.py:161} INFO - Started process (PID=1892) to work on /opt/airflow/dags/StockMarketScripts/API_Call.py
[2025-04-16T13:10:41.199+0000] {processor.py:830} INFO - Processing file /opt/airflow/dags/StockMarketScripts/API_Call.py for tasks to queue
[2025-04-16T13:10:41.199+0000] {logging_mixin.py:188} INFO - [2025-04-16T13:10:41.199+0000] {dagbag.py:538} INFO - Filling up the DagBag from /opt/airflow/dags/StockMarketScripts/API_Call.py
[2025-04-16T13:10:41.216+0000] {processor.py:842} WARNING - No viable dags retrieved from /opt/airflow/dags/StockMarketScripts/API_Call.py
[2025-04-16T13:10:41.228+0000] {processor.py:183} INFO - Processing /opt/airflow/dags/StockMarketScripts/API_Call.py took 0.033 seconds
[2025-04-16T13:11:11.977+0000] {processor.py:161} INFO - Started process (PID=1903) to work on /opt/airflow/dags/StockMarketScripts/API_Call.py
[2025-04-16T13:11:11.978+0000] {processor.py:830} INFO - Processing file /opt/airflow/dags/StockMarketScripts/API_Call.py for tasks to queue
[2025-04-16T13:11:11.979+0000] {logging_mixin.py:188} INFO - [2025-04-16T13:11:11.978+0000] {dagbag.py:538} INFO - Filling up the DagBag from /opt/airflow/dags/StockMarketScripts/API_Call.py
[2025-04-16T13:11:11.995+0000] {processor.py:842} WARNING - No viable dags retrieved from /opt/airflow/dags/StockMarketScripts/API_Call.py
[2025-04-16T13:11:12.010+0000] {processor.py:183} INFO - Processing /opt/airflow/dags/StockMarketScripts/API_Call.py took 0.036 seconds
[2025-04-16T13:11:42.640+0000] {processor.py:161} INFO - Started process (PID=1914) to work on /opt/airflow/dags/StockMarketScripts/API_Call.py
[2025-04-16T13:11:42.641+0000] {processor.py:830} INFO - Processing file /opt/airflow/dags/StockMarketScripts/API_Call.py for tasks to queue
[2025-04-16T13:11:42.642+0000] {logging_mixin.py:188} INFO - [2025-04-16T13:11:42.642+0000] {dagbag.py:538} INFO - Filling up the DagBag from /opt/airflow/dags/StockMarketScripts/API_Call.py
[2025-04-16T13:11:42.658+0000] {processor.py:842} WARNING - No viable dags retrieved from /opt/airflow/dags/StockMarketScripts/API_Call.py
[2025-04-16T13:11:42.670+0000] {processor.py:183} INFO - Processing /opt/airflow/dags/StockMarketScripts/API_Call.py took 0.033 seconds
[2025-04-16T13:12:13.419+0000] {processor.py:161} INFO - Started process (PID=1925) to work on /opt/airflow/dags/StockMarketScripts/API_Call.py
[2025-04-16T13:12:13.420+0000] {processor.py:830} INFO - Processing file /opt/airflow/dags/StockMarketScripts/API_Call.py for tasks to queue
[2025-04-16T13:12:13.421+0000] {logging_mixin.py:188} INFO - [2025-04-16T13:12:13.421+0000] {dagbag.py:538} INFO - Filling up the DagBag from /opt/airflow/dags/StockMarketScripts/API_Call.py
[2025-04-16T13:12:13.437+0000] {processor.py:842} WARNING - No viable dags retrieved from /opt/airflow/dags/StockMarketScripts/API_Call.py
[2025-04-16T13:12:13.448+0000] {processor.py:183} INFO - Processing /opt/airflow/dags/StockMarketScripts/API_Call.py took 0.032 seconds
[2025-04-16T13:12:44.202+0000] {processor.py:161} INFO - Started process (PID=1936) to work on /opt/airflow/dags/StockMarketScripts/API_Call.py
[2025-04-16T13:12:44.203+0000] {processor.py:830} INFO - Processing file /opt/airflow/dags/StockMarketScripts/API_Call.py for tasks to queue
[2025-04-16T13:12:44.204+0000] {logging_mixin.py:188} INFO - [2025-04-16T13:12:44.204+0000] {dagbag.py:538} INFO - Filling up the DagBag from /opt/airflow/dags/StockMarketScripts/API_Call.py
[2025-04-16T13:12:44.221+0000] {processor.py:842} WARNING - No viable dags retrieved from /opt/airflow/dags/StockMarketScripts/API_Call.py
[2025-04-16T13:12:44.233+0000] {processor.py:183} INFO - Processing /opt/airflow/dags/StockMarketScripts/API_Call.py took 0.033 seconds
[2025-04-16T13:13:14.498+0000] {processor.py:161} INFO - Started process (PID=1947) to work on /opt/airflow/dags/StockMarketScripts/API_Call.py
[2025-04-16T13:13:14.499+0000] {processor.py:830} INFO - Processing file /opt/airflow/dags/StockMarketScripts/API_Call.py for tasks to queue
[2025-04-16T13:13:14.500+0000] {logging_mixin.py:188} INFO - [2025-04-16T13:13:14.499+0000] {dagbag.py:538} INFO - Filling up the DagBag from /opt/airflow/dags/StockMarketScripts/API_Call.py
[2025-04-16T13:13:14.516+0000] {processor.py:842} WARNING - No viable dags retrieved from /opt/airflow/dags/StockMarketScripts/API_Call.py
[2025-04-16T13:13:14.526+0000] {processor.py:183} INFO - Processing /opt/airflow/dags/StockMarketScripts/API_Call.py took 0.031 seconds
[2025-04-16T13:13:45.401+0000] {processor.py:161} INFO - Started process (PID=1958) to work on /opt/airflow/dags/StockMarketScripts/API_Call.py
[2025-04-16T13:13:45.402+0000] {processor.py:830} INFO - Processing file /opt/airflow/dags/StockMarketScripts/API_Call.py for tasks to queue
[2025-04-16T13:13:45.403+0000] {logging_mixin.py:188} INFO - [2025-04-16T13:13:45.403+0000] {dagbag.py:538} INFO - Filling up the DagBag from /opt/airflow/dags/StockMarketScripts/API_Call.py
[2025-04-16T13:13:45.419+0000] {processor.py:842} WARNING - No viable dags retrieved from /opt/airflow/dags/StockMarketScripts/API_Call.py
[2025-04-16T13:13:45.432+0000] {processor.py:183} INFO - Processing /opt/airflow/dags/StockMarketScripts/API_Call.py took 0.034 seconds
[2025-04-16T13:14:16.184+0000] {processor.py:161} INFO - Started process (PID=1969) to work on /opt/airflow/dags/StockMarketScripts/API_Call.py
[2025-04-16T13:14:16.185+0000] {processor.py:830} INFO - Processing file /opt/airflow/dags/StockMarketScripts/API_Call.py for tasks to queue
[2025-04-16T13:14:16.186+0000] {logging_mixin.py:188} INFO - [2025-04-16T13:14:16.186+0000] {dagbag.py:538} INFO - Filling up the DagBag from /opt/airflow/dags/StockMarketScripts/API_Call.py
[2025-04-16T13:14:16.202+0000] {processor.py:842} WARNING - No viable dags retrieved from /opt/airflow/dags/StockMarketScripts/API_Call.py
[2025-04-16T13:14:16.214+0000] {processor.py:183} INFO - Processing /opt/airflow/dags/StockMarketScripts/API_Call.py took 0.033 seconds
[2025-04-16T13:14:46.954+0000] {processor.py:161} INFO - Started process (PID=1980) to work on /opt/airflow/dags/StockMarketScripts/API_Call.py
[2025-04-16T13:14:46.954+0000] {processor.py:830} INFO - Processing file /opt/airflow/dags/StockMarketScripts/API_Call.py for tasks to queue
[2025-04-16T13:14:46.955+0000] {logging_mixin.py:188} INFO - [2025-04-16T13:14:46.955+0000] {dagbag.py:538} INFO - Filling up the DagBag from /opt/airflow/dags/StockMarketScripts/API_Call.py
[2025-04-16T13:14:46.971+0000] {processor.py:842} WARNING - No viable dags retrieved from /opt/airflow/dags/StockMarketScripts/API_Call.py
[2025-04-16T13:14:46.983+0000] {processor.py:183} INFO - Processing /opt/airflow/dags/StockMarketScripts/API_Call.py took 0.033 seconds
[2025-04-16T13:15:17.747+0000] {processor.py:161} INFO - Started process (PID=1991) to work on /opt/airflow/dags/StockMarketScripts/API_Call.py
[2025-04-16T13:15:17.748+0000] {processor.py:830} INFO - Processing file /opt/airflow/dags/StockMarketScripts/API_Call.py for tasks to queue
[2025-04-16T13:15:17.749+0000] {logging_mixin.py:188} INFO - [2025-04-16T13:15:17.748+0000] {dagbag.py:538} INFO - Filling up the DagBag from /opt/airflow/dags/StockMarketScripts/API_Call.py
[2025-04-16T13:15:17.765+0000] {processor.py:842} WARNING - No viable dags retrieved from /opt/airflow/dags/StockMarketScripts/API_Call.py
[2025-04-16T13:15:17.777+0000] {processor.py:183} INFO - Processing /opt/airflow/dags/StockMarketScripts/API_Call.py took 0.034 seconds
[2025-04-16T13:15:48.591+0000] {processor.py:161} INFO - Started process (PID=2002) to work on /opt/airflow/dags/StockMarketScripts/API_Call.py
[2025-04-16T13:15:48.592+0000] {processor.py:830} INFO - Processing file /opt/airflow/dags/StockMarketScripts/API_Call.py for tasks to queue
[2025-04-16T13:15:48.593+0000] {logging_mixin.py:188} INFO - [2025-04-16T13:15:48.593+0000] {dagbag.py:538} INFO - Filling up the DagBag from /opt/airflow/dags/StockMarketScripts/API_Call.py
[2025-04-16T13:15:48.610+0000] {processor.py:842} WARNING - No viable dags retrieved from /opt/airflow/dags/StockMarketScripts/API_Call.py
[2025-04-16T13:15:48.621+0000] {processor.py:183} INFO - Processing /opt/airflow/dags/StockMarketScripts/API_Call.py took 0.033 seconds
[2025-04-16T13:16:19.366+0000] {processor.py:161} INFO - Started process (PID=2013) to work on /opt/airflow/dags/StockMarketScripts/API_Call.py
[2025-04-16T13:16:19.368+0000] {processor.py:830} INFO - Processing file /opt/airflow/dags/StockMarketScripts/API_Call.py for tasks to queue
[2025-04-16T13:16:19.369+0000] {logging_mixin.py:188} INFO - [2025-04-16T13:16:19.368+0000] {dagbag.py:538} INFO - Filling up the DagBag from /opt/airflow/dags/StockMarketScripts/API_Call.py
[2025-04-16T13:16:19.386+0000] {processor.py:842} WARNING - No viable dags retrieved from /opt/airflow/dags/StockMarketScripts/API_Call.py
[2025-04-16T13:16:19.398+0000] {processor.py:183} INFO - Processing /opt/airflow/dags/StockMarketScripts/API_Call.py took 0.035 seconds
[2025-04-16T13:16:50.143+0000] {processor.py:161} INFO - Started process (PID=2024) to work on /opt/airflow/dags/StockMarketScripts/API_Call.py
[2025-04-16T13:16:50.144+0000] {processor.py:830} INFO - Processing file /opt/airflow/dags/StockMarketScripts/API_Call.py for tasks to queue
[2025-04-16T13:16:50.144+0000] {logging_mixin.py:188} INFO - [2025-04-16T13:16:50.144+0000] {dagbag.py:538} INFO - Filling up the DagBag from /opt/airflow/dags/StockMarketScripts/API_Call.py
[2025-04-16T13:16:50.160+0000] {processor.py:842} WARNING - No viable dags retrieved from /opt/airflow/dags/StockMarketScripts/API_Call.py
[2025-04-16T13:16:50.172+0000] {processor.py:183} INFO - Processing /opt/airflow/dags/StockMarketScripts/API_Call.py took 0.032 seconds
[2025-04-16T13:17:20.884+0000] {processor.py:161} INFO - Started process (PID=2035) to work on /opt/airflow/dags/StockMarketScripts/API_Call.py
[2025-04-16T13:17:20.885+0000] {processor.py:830} INFO - Processing file /opt/airflow/dags/StockMarketScripts/API_Call.py for tasks to queue
[2025-04-16T13:17:20.885+0000] {logging_mixin.py:188} INFO - [2025-04-16T13:17:20.885+0000] {dagbag.py:538} INFO - Filling up the DagBag from /opt/airflow/dags/StockMarketScripts/API_Call.py
[2025-04-16T13:17:20.901+0000] {processor.py:842} WARNING - No viable dags retrieved from /opt/airflow/dags/StockMarketScripts/API_Call.py
[2025-04-16T13:17:20.913+0000] {processor.py:183} INFO - Processing /opt/airflow/dags/StockMarketScripts/API_Call.py took 0.033 seconds
[2025-04-16T13:17:51.669+0000] {processor.py:161} INFO - Started process (PID=2046) to work on /opt/airflow/dags/StockMarketScripts/API_Call.py
[2025-04-16T13:17:51.670+0000] {processor.py:830} INFO - Processing file /opt/airflow/dags/StockMarketScripts/API_Call.py for tasks to queue
[2025-04-16T13:17:51.671+0000] {logging_mixin.py:188} INFO - [2025-04-16T13:17:51.671+0000] {dagbag.py:538} INFO - Filling up the DagBag from /opt/airflow/dags/StockMarketScripts/API_Call.py
[2025-04-16T13:17:51.688+0000] {processor.py:842} WARNING - No viable dags retrieved from /opt/airflow/dags/StockMarketScripts/API_Call.py
[2025-04-16T13:17:51.701+0000] {processor.py:183} INFO - Processing /opt/airflow/dags/StockMarketScripts/API_Call.py took 0.036 seconds
[2025-04-16T13:18:22.011+0000] {processor.py:161} INFO - Started process (PID=2058) to work on /opt/airflow/dags/StockMarketScripts/API_Call.py
[2025-04-16T13:18:22.012+0000] {processor.py:830} INFO - Processing file /opt/airflow/dags/StockMarketScripts/API_Call.py for tasks to queue
[2025-04-16T13:18:22.013+0000] {logging_mixin.py:188} INFO - [2025-04-16T13:18:22.013+0000] {dagbag.py:538} INFO - Filling up the DagBag from /opt/airflow/dags/StockMarketScripts/API_Call.py
[2025-04-16T13:18:22.029+0000] {processor.py:842} WARNING - No viable dags retrieved from /opt/airflow/dags/StockMarketScripts/API_Call.py
[2025-04-16T13:18:22.042+0000] {processor.py:183} INFO - Processing /opt/airflow/dags/StockMarketScripts/API_Call.py took 0.034 seconds
[2025-04-16T13:18:52.787+0000] {processor.py:161} INFO - Started process (PID=2069) to work on /opt/airflow/dags/StockMarketScripts/API_Call.py
[2025-04-16T13:18:52.789+0000] {processor.py:830} INFO - Processing file /opt/airflow/dags/StockMarketScripts/API_Call.py for tasks to queue
[2025-04-16T13:18:52.790+0000] {logging_mixin.py:188} INFO - [2025-04-16T13:18:52.790+0000] {dagbag.py:538} INFO - Filling up the DagBag from /opt/airflow/dags/StockMarketScripts/API_Call.py
[2025-04-16T13:18:52.810+0000] {processor.py:842} WARNING - No viable dags retrieved from /opt/airflow/dags/StockMarketScripts/API_Call.py
[2025-04-16T13:18:52.823+0000] {processor.py:183} INFO - Processing /opt/airflow/dags/StockMarketScripts/API_Call.py took 0.039 seconds
[2025-04-16T13:19:23.412+0000] {processor.py:161} INFO - Started process (PID=2081) to work on /opt/airflow/dags/StockMarketScripts/API_Call.py
[2025-04-16T13:19:23.413+0000] {processor.py:830} INFO - Processing file /opt/airflow/dags/StockMarketScripts/API_Call.py for tasks to queue
[2025-04-16T13:19:23.413+0000] {logging_mixin.py:188} INFO - [2025-04-16T13:19:23.413+0000] {dagbag.py:538} INFO - Filling up the DagBag from /opt/airflow/dags/StockMarketScripts/API_Call.py
[2025-04-16T13:19:23.430+0000] {processor.py:842} WARNING - No viable dags retrieved from /opt/airflow/dags/StockMarketScripts/API_Call.py
[2025-04-16T13:19:23.442+0000] {processor.py:183} INFO - Processing /opt/airflow/dags/StockMarketScripts/API_Call.py took 0.034 seconds
[2025-04-16T13:19:54.033+0000] {processor.py:161} INFO - Started process (PID=2098) to work on /opt/airflow/dags/StockMarketScripts/API_Call.py
[2025-04-16T13:19:54.034+0000] {processor.py:830} INFO - Processing file /opt/airflow/dags/StockMarketScripts/API_Call.py for tasks to queue
[2025-04-16T13:19:54.035+0000] {logging_mixin.py:188} INFO - [2025-04-16T13:19:54.035+0000] {dagbag.py:538} INFO - Filling up the DagBag from /opt/airflow/dags/StockMarketScripts/API_Call.py
[2025-04-16T13:19:54.052+0000] {processor.py:842} WARNING - No viable dags retrieved from /opt/airflow/dags/StockMarketScripts/API_Call.py
[2025-04-16T13:19:54.066+0000] {processor.py:183} INFO - Processing /opt/airflow/dags/StockMarketScripts/API_Call.py took 0.037 seconds
[2025-04-16T13:20:24.593+0000] {processor.py:161} INFO - Started process (PID=2109) to work on /opt/airflow/dags/StockMarketScripts/API_Call.py
[2025-04-16T13:20:24.594+0000] {processor.py:830} INFO - Processing file /opt/airflow/dags/StockMarketScripts/API_Call.py for tasks to queue
[2025-04-16T13:20:24.594+0000] {logging_mixin.py:188} INFO - [2025-04-16T13:20:24.594+0000] {dagbag.py:538} INFO - Filling up the DagBag from /opt/airflow/dags/StockMarketScripts/API_Call.py
[2025-04-16T13:20:24.611+0000] {processor.py:842} WARNING - No viable dags retrieved from /opt/airflow/dags/StockMarketScripts/API_Call.py
[2025-04-16T13:20:24.622+0000] {processor.py:183} INFO - Processing /opt/airflow/dags/StockMarketScripts/API_Call.py took 0.033 seconds
[2025-04-16T13:20:55.239+0000] {processor.py:161} INFO - Started process (PID=2120) to work on /opt/airflow/dags/StockMarketScripts/API_Call.py
[2025-04-16T13:20:55.240+0000] {processor.py:830} INFO - Processing file /opt/airflow/dags/StockMarketScripts/API_Call.py for tasks to queue
[2025-04-16T13:20:55.241+0000] {logging_mixin.py:188} INFO - [2025-04-16T13:20:55.241+0000] {dagbag.py:538} INFO - Filling up the DagBag from /opt/airflow/dags/StockMarketScripts/API_Call.py
[2025-04-16T13:20:55.257+0000] {processor.py:842} WARNING - No viable dags retrieved from /opt/airflow/dags/StockMarketScripts/API_Call.py
[2025-04-16T13:20:55.268+0000] {processor.py:183} INFO - Processing /opt/airflow/dags/StockMarketScripts/API_Call.py took 0.032 seconds
[2025-04-16T13:21:25.977+0000] {processor.py:161} INFO - Started process (PID=2133) to work on /opt/airflow/dags/StockMarketScripts/API_Call.py
[2025-04-16T13:21:25.978+0000] {processor.py:830} INFO - Processing file /opt/airflow/dags/StockMarketScripts/API_Call.py for tasks to queue
[2025-04-16T13:21:25.979+0000] {logging_mixin.py:188} INFO - [2025-04-16T13:21:25.978+0000] {dagbag.py:538} INFO - Filling up the DagBag from /opt/airflow/dags/StockMarketScripts/API_Call.py
[2025-04-16T13:21:25.995+0000] {processor.py:842} WARNING - No viable dags retrieved from /opt/airflow/dags/StockMarketScripts/API_Call.py
[2025-04-16T13:21:26.007+0000] {processor.py:183} INFO - Processing /opt/airflow/dags/StockMarketScripts/API_Call.py took 0.034 seconds
[2025-04-16T13:21:56.630+0000] {processor.py:161} INFO - Started process (PID=2144) to work on /opt/airflow/dags/StockMarketScripts/API_Call.py
[2025-04-16T13:21:56.631+0000] {processor.py:830} INFO - Processing file /opt/airflow/dags/StockMarketScripts/API_Call.py for tasks to queue
[2025-04-16T13:21:56.632+0000] {logging_mixin.py:188} INFO - [2025-04-16T13:21:56.632+0000] {dagbag.py:538} INFO - Filling up the DagBag from /opt/airflow/dags/StockMarketScripts/API_Call.py
[2025-04-16T13:21:56.649+0000] {processor.py:842} WARNING - No viable dags retrieved from /opt/airflow/dags/StockMarketScripts/API_Call.py
[2025-04-16T13:21:56.661+0000] {processor.py:183} INFO - Processing /opt/airflow/dags/StockMarketScripts/API_Call.py took 0.034 seconds
[2025-04-16T13:22:27.239+0000] {processor.py:161} INFO - Started process (PID=2155) to work on /opt/airflow/dags/StockMarketScripts/API_Call.py
[2025-04-16T13:22:27.241+0000] {processor.py:830} INFO - Processing file /opt/airflow/dags/StockMarketScripts/API_Call.py for tasks to queue
[2025-04-16T13:22:27.242+0000] {logging_mixin.py:188} INFO - [2025-04-16T13:22:27.241+0000] {dagbag.py:538} INFO - Filling up the DagBag from /opt/airflow/dags/StockMarketScripts/API_Call.py
[2025-04-16T13:22:27.259+0000] {processor.py:842} WARNING - No viable dags retrieved from /opt/airflow/dags/StockMarketScripts/API_Call.py
[2025-04-16T13:22:27.271+0000] {processor.py:183} INFO - Processing /opt/airflow/dags/StockMarketScripts/API_Call.py took 0.035 seconds
[2025-04-16T13:22:57.827+0000] {processor.py:161} INFO - Started process (PID=2166) to work on /opt/airflow/dags/StockMarketScripts/API_Call.py
[2025-04-16T13:22:57.828+0000] {processor.py:830} INFO - Processing file /opt/airflow/dags/StockMarketScripts/API_Call.py for tasks to queue
[2025-04-16T13:22:57.828+0000] {logging_mixin.py:188} INFO - [2025-04-16T13:22:57.828+0000] {dagbag.py:538} INFO - Filling up the DagBag from /opt/airflow/dags/StockMarketScripts/API_Call.py
[2025-04-16T13:22:57.845+0000] {processor.py:842} WARNING - No viable dags retrieved from /opt/airflow/dags/StockMarketScripts/API_Call.py
[2025-04-16T13:22:57.856+0000] {processor.py:183} INFO - Processing /opt/airflow/dags/StockMarketScripts/API_Call.py took 0.033 seconds
[2025-04-16T13:23:27.903+0000] {processor.py:161} INFO - Started process (PID=2177) to work on /opt/airflow/dags/StockMarketScripts/API_Call.py
[2025-04-16T13:23:27.904+0000] {processor.py:830} INFO - Processing file /opt/airflow/dags/StockMarketScripts/API_Call.py for tasks to queue
[2025-04-16T13:23:27.904+0000] {logging_mixin.py:188} INFO - [2025-04-16T13:23:27.904+0000] {dagbag.py:538} INFO - Filling up the DagBag from /opt/airflow/dags/StockMarketScripts/API_Call.py
[2025-04-16T13:23:27.920+0000] {processor.py:842} WARNING - No viable dags retrieved from /opt/airflow/dags/StockMarketScripts/API_Call.py
[2025-04-16T13:23:27.932+0000] {processor.py:183} INFO - Processing /opt/airflow/dags/StockMarketScripts/API_Call.py took 0.033 seconds
[2025-04-16T13:23:58.712+0000] {processor.py:161} INFO - Started process (PID=2188) to work on /opt/airflow/dags/StockMarketScripts/API_Call.py
[2025-04-16T13:23:58.713+0000] {processor.py:830} INFO - Processing file /opt/airflow/dags/StockMarketScripts/API_Call.py for tasks to queue
[2025-04-16T13:23:58.714+0000] {logging_mixin.py:188} INFO - [2025-04-16T13:23:58.714+0000] {dagbag.py:538} INFO - Filling up the DagBag from /opt/airflow/dags/StockMarketScripts/API_Call.py
[2025-04-16T13:23:58.730+0000] {processor.py:842} WARNING - No viable dags retrieved from /opt/airflow/dags/StockMarketScripts/API_Call.py
[2025-04-16T13:23:58.742+0000] {processor.py:183} INFO - Processing /opt/airflow/dags/StockMarketScripts/API_Call.py took 0.033 seconds
[2025-04-16T13:24:29.297+0000] {processor.py:161} INFO - Started process (PID=2199) to work on /opt/airflow/dags/StockMarketScripts/API_Call.py
[2025-04-16T13:24:29.298+0000] {processor.py:830} INFO - Processing file /opt/airflow/dags/StockMarketScripts/API_Call.py for tasks to queue
[2025-04-16T13:24:29.298+0000] {logging_mixin.py:188} INFO - [2025-04-16T13:24:29.298+0000] {dagbag.py:538} INFO - Filling up the DagBag from /opt/airflow/dags/StockMarketScripts/API_Call.py
[2025-04-16T13:24:29.315+0000] {processor.py:842} WARNING - No viable dags retrieved from /opt/airflow/dags/StockMarketScripts/API_Call.py
[2025-04-16T13:24:29.327+0000] {processor.py:183} INFO - Processing /opt/airflow/dags/StockMarketScripts/API_Call.py took 0.034 seconds
[2025-04-16T13:24:59.881+0000] {processor.py:161} INFO - Started process (PID=2210) to work on /opt/airflow/dags/StockMarketScripts/API_Call.py
[2025-04-16T13:24:59.882+0000] {processor.py:830} INFO - Processing file /opt/airflow/dags/StockMarketScripts/API_Call.py for tasks to queue
[2025-04-16T13:24:59.883+0000] {logging_mixin.py:188} INFO - [2025-04-16T13:24:59.882+0000] {dagbag.py:538} INFO - Filling up the DagBag from /opt/airflow/dags/StockMarketScripts/API_Call.py
[2025-04-16T13:24:59.899+0000] {processor.py:842} WARNING - No viable dags retrieved from /opt/airflow/dags/StockMarketScripts/API_Call.py
[2025-04-16T13:24:59.910+0000] {processor.py:183} INFO - Processing /opt/airflow/dags/StockMarketScripts/API_Call.py took 0.033 seconds
[2025-04-16T13:25:30.507+0000] {processor.py:161} INFO - Started process (PID=2221) to work on /opt/airflow/dags/StockMarketScripts/API_Call.py
[2025-04-16T13:25:30.508+0000] {processor.py:830} INFO - Processing file /opt/airflow/dags/StockMarketScripts/API_Call.py for tasks to queue
[2025-04-16T13:25:30.509+0000] {logging_mixin.py:188} INFO - [2025-04-16T13:25:30.509+0000] {dagbag.py:538} INFO - Filling up the DagBag from /opt/airflow/dags/StockMarketScripts/API_Call.py
[2025-04-16T13:25:30.526+0000] {processor.py:842} WARNING - No viable dags retrieved from /opt/airflow/dags/StockMarketScripts/API_Call.py
[2025-04-16T13:25:30.538+0000] {processor.py:183} INFO - Processing /opt/airflow/dags/StockMarketScripts/API_Call.py took 0.035 seconds
[2025-04-16T13:26:01.078+0000] {processor.py:161} INFO - Started process (PID=2232) to work on /opt/airflow/dags/StockMarketScripts/API_Call.py
[2025-04-16T13:26:01.079+0000] {processor.py:830} INFO - Processing file /opt/airflow/dags/StockMarketScripts/API_Call.py for tasks to queue
[2025-04-16T13:26:01.080+0000] {logging_mixin.py:188} INFO - [2025-04-16T13:26:01.080+0000] {dagbag.py:538} INFO - Filling up the DagBag from /opt/airflow/dags/StockMarketScripts/API_Call.py
[2025-04-16T13:26:01.096+0000] {processor.py:842} WARNING - No viable dags retrieved from /opt/airflow/dags/StockMarketScripts/API_Call.py
[2025-04-16T13:26:01.108+0000] {processor.py:183} INFO - Processing /opt/airflow/dags/StockMarketScripts/API_Call.py took 0.033 seconds
[2025-04-16T13:26:31.733+0000] {processor.py:161} INFO - Started process (PID=2243) to work on /opt/airflow/dags/StockMarketScripts/API_Call.py
[2025-04-16T13:26:31.734+0000] {processor.py:830} INFO - Processing file /opt/airflow/dags/StockMarketScripts/API_Call.py for tasks to queue
[2025-04-16T13:26:31.735+0000] {logging_mixin.py:188} INFO - [2025-04-16T13:26:31.734+0000] {dagbag.py:538} INFO - Filling up the DagBag from /opt/airflow/dags/StockMarketScripts/API_Call.py
[2025-04-16T13:26:31.750+0000] {processor.py:842} WARNING - No viable dags retrieved from /opt/airflow/dags/StockMarketScripts/API_Call.py
[2025-04-16T13:26:31.761+0000] {processor.py:183} INFO - Processing /opt/airflow/dags/StockMarketScripts/API_Call.py took 0.031 seconds
[2025-04-16T13:27:02.305+0000] {processor.py:161} INFO - Started process (PID=2254) to work on /opt/airflow/dags/StockMarketScripts/API_Call.py
[2025-04-16T13:27:02.306+0000] {processor.py:830} INFO - Processing file /opt/airflow/dags/StockMarketScripts/API_Call.py for tasks to queue
[2025-04-16T13:27:02.307+0000] {logging_mixin.py:188} INFO - [2025-04-16T13:27:02.307+0000] {dagbag.py:538} INFO - Filling up the DagBag from /opt/airflow/dags/StockMarketScripts/API_Call.py
[2025-04-16T13:27:02.323+0000] {processor.py:842} WARNING - No viable dags retrieved from /opt/airflow/dags/StockMarketScripts/API_Call.py
[2025-04-16T13:27:02.335+0000] {processor.py:183} INFO - Processing /opt/airflow/dags/StockMarketScripts/API_Call.py took 0.033 seconds
[2025-04-16T13:27:32.923+0000] {processor.py:161} INFO - Started process (PID=2265) to work on /opt/airflow/dags/StockMarketScripts/API_Call.py
[2025-04-16T13:27:32.924+0000] {processor.py:830} INFO - Processing file /opt/airflow/dags/StockMarketScripts/API_Call.py for tasks to queue
[2025-04-16T13:27:32.925+0000] {logging_mixin.py:188} INFO - [2025-04-16T13:27:32.924+0000] {dagbag.py:538} INFO - Filling up the DagBag from /opt/airflow/dags/StockMarketScripts/API_Call.py
[2025-04-16T13:27:32.941+0000] {processor.py:842} WARNING - No viable dags retrieved from /opt/airflow/dags/StockMarketScripts/API_Call.py
[2025-04-16T13:27:32.952+0000] {processor.py:183} INFO - Processing /opt/airflow/dags/StockMarketScripts/API_Call.py took 0.033 seconds
[2025-04-16T13:28:03.503+0000] {processor.py:161} INFO - Started process (PID=2276) to work on /opt/airflow/dags/StockMarketScripts/API_Call.py
[2025-04-16T13:28:03.504+0000] {processor.py:830} INFO - Processing file /opt/airflow/dags/StockMarketScripts/API_Call.py for tasks to queue
[2025-04-16T13:28:03.505+0000] {logging_mixin.py:188} INFO - [2025-04-16T13:28:03.505+0000] {dagbag.py:538} INFO - Filling up the DagBag from /opt/airflow/dags/StockMarketScripts/API_Call.py
[2025-04-16T13:28:03.525+0000] {processor.py:842} WARNING - No viable dags retrieved from /opt/airflow/dags/StockMarketScripts/API_Call.py
[2025-04-16T13:28:03.538+0000] {processor.py:183} INFO - Processing /opt/airflow/dags/StockMarketScripts/API_Call.py took 0.038 seconds
[2025-04-16T13:28:33.681+0000] {processor.py:161} INFO - Started process (PID=2287) to work on /opt/airflow/dags/StockMarketScripts/API_Call.py
[2025-04-16T13:28:33.682+0000] {processor.py:830} INFO - Processing file /opt/airflow/dags/StockMarketScripts/API_Call.py for tasks to queue
[2025-04-16T13:28:33.683+0000] {logging_mixin.py:188} INFO - [2025-04-16T13:28:33.683+0000] {dagbag.py:538} INFO - Filling up the DagBag from /opt/airflow/dags/StockMarketScripts/API_Call.py
[2025-04-16T13:28:33.699+0000] {processor.py:842} WARNING - No viable dags retrieved from /opt/airflow/dags/StockMarketScripts/API_Call.py
[2025-04-16T13:28:33.713+0000] {processor.py:183} INFO - Processing /opt/airflow/dags/StockMarketScripts/API_Call.py took 0.035 seconds
[2025-04-16T13:29:04.553+0000] {processor.py:161} INFO - Started process (PID=2299) to work on /opt/airflow/dags/StockMarketScripts/API_Call.py
[2025-04-16T13:29:04.554+0000] {processor.py:830} INFO - Processing file /opt/airflow/dags/StockMarketScripts/API_Call.py for tasks to queue
[2025-04-16T13:29:04.555+0000] {logging_mixin.py:188} INFO - [2025-04-16T13:29:04.554+0000] {dagbag.py:538} INFO - Filling up the DagBag from /opt/airflow/dags/StockMarketScripts/API_Call.py
[2025-04-16T13:29:04.575+0000] {processor.py:842} WARNING - No viable dags retrieved from /opt/airflow/dags/StockMarketScripts/API_Call.py
[2025-04-16T13:29:04.587+0000] {processor.py:183} INFO - Processing /opt/airflow/dags/StockMarketScripts/API_Call.py took 0.038 seconds
[2025-04-16T13:29:35.189+0000] {processor.py:161} INFO - Started process (PID=2310) to work on /opt/airflow/dags/StockMarketScripts/API_Call.py
[2025-04-16T13:29:35.190+0000] {processor.py:830} INFO - Processing file /opt/airflow/dags/StockMarketScripts/API_Call.py for tasks to queue
[2025-04-16T13:29:35.190+0000] {logging_mixin.py:188} INFO - [2025-04-16T13:29:35.190+0000] {dagbag.py:538} INFO - Filling up the DagBag from /opt/airflow/dags/StockMarketScripts/API_Call.py
[2025-04-16T13:29:35.207+0000] {processor.py:842} WARNING - No viable dags retrieved from /opt/airflow/dags/StockMarketScripts/API_Call.py
[2025-04-16T13:29:35.219+0000] {processor.py:183} INFO - Processing /opt/airflow/dags/StockMarketScripts/API_Call.py took 0.033 seconds
[2025-04-16T13:30:05.824+0000] {processor.py:161} INFO - Started process (PID=2321) to work on /opt/airflow/dags/StockMarketScripts/API_Call.py
[2025-04-16T13:30:05.825+0000] {processor.py:830} INFO - Processing file /opt/airflow/dags/StockMarketScripts/API_Call.py for tasks to queue
[2025-04-16T13:30:05.826+0000] {logging_mixin.py:188} INFO - [2025-04-16T13:30:05.826+0000] {dagbag.py:538} INFO - Filling up the DagBag from /opt/airflow/dags/StockMarketScripts/API_Call.py
[2025-04-16T13:30:05.842+0000] {processor.py:842} WARNING - No viable dags retrieved from /opt/airflow/dags/StockMarketScripts/API_Call.py
[2025-04-16T13:30:05.854+0000] {processor.py:183} INFO - Processing /opt/airflow/dags/StockMarketScripts/API_Call.py took 0.033 seconds
[2025-04-16T13:30:36.581+0000] {processor.py:161} INFO - Started process (PID=2332) to work on /opt/airflow/dags/StockMarketScripts/API_Call.py
[2025-04-16T13:30:36.581+0000] {processor.py:830} INFO - Processing file /opt/airflow/dags/StockMarketScripts/API_Call.py for tasks to queue
[2025-04-16T13:30:36.582+0000] {logging_mixin.py:188} INFO - [2025-04-16T13:30:36.582+0000] {dagbag.py:538} INFO - Filling up the DagBag from /opt/airflow/dags/StockMarketScripts/API_Call.py
[2025-04-16T13:30:36.599+0000] {processor.py:842} WARNING - No viable dags retrieved from /opt/airflow/dags/StockMarketScripts/API_Call.py
[2025-04-16T13:30:36.610+0000] {processor.py:183} INFO - Processing /opt/airflow/dags/StockMarketScripts/API_Call.py took 0.033 seconds
[2025-04-16T13:31:07.287+0000] {processor.py:161} INFO - Started process (PID=2343) to work on /opt/airflow/dags/StockMarketScripts/API_Call.py
[2025-04-16T13:31:07.288+0000] {processor.py:830} INFO - Processing file /opt/airflow/dags/StockMarketScripts/API_Call.py for tasks to queue
[2025-04-16T13:31:07.289+0000] {logging_mixin.py:188} INFO - [2025-04-16T13:31:07.289+0000] {dagbag.py:538} INFO - Filling up the DagBag from /opt/airflow/dags/StockMarketScripts/API_Call.py
[2025-04-16T13:31:07.306+0000] {processor.py:842} WARNING - No viable dags retrieved from /opt/airflow/dags/StockMarketScripts/API_Call.py
[2025-04-16T13:31:07.318+0000] {processor.py:183} INFO - Processing /opt/airflow/dags/StockMarketScripts/API_Call.py took 0.035 seconds
[2025-04-16T13:31:37.937+0000] {processor.py:161} INFO - Started process (PID=2354) to work on /opt/airflow/dags/StockMarketScripts/API_Call.py
[2025-04-16T13:31:37.938+0000] {processor.py:830} INFO - Processing file /opt/airflow/dags/StockMarketScripts/API_Call.py for tasks to queue
[2025-04-16T13:31:37.938+0000] {logging_mixin.py:188} INFO - [2025-04-16T13:31:37.938+0000] {dagbag.py:538} INFO - Filling up the DagBag from /opt/airflow/dags/StockMarketScripts/API_Call.py
[2025-04-16T13:31:37.954+0000] {processor.py:842} WARNING - No viable dags retrieved from /opt/airflow/dags/StockMarketScripts/API_Call.py
[2025-04-16T13:31:37.966+0000] {processor.py:183} INFO - Processing /opt/airflow/dags/StockMarketScripts/API_Call.py took 0.032 seconds
[2025-04-16T13:32:08.714+0000] {processor.py:161} INFO - Started process (PID=2365) to work on /opt/airflow/dags/StockMarketScripts/API_Call.py
[2025-04-16T13:32:08.715+0000] {processor.py:830} INFO - Processing file /opt/airflow/dags/StockMarketScripts/API_Call.py for tasks to queue
[2025-04-16T13:32:08.716+0000] {logging_mixin.py:188} INFO - [2025-04-16T13:32:08.715+0000] {dagbag.py:538} INFO - Filling up the DagBag from /opt/airflow/dags/StockMarketScripts/API_Call.py
[2025-04-16T13:32:08.733+0000] {processor.py:842} WARNING - No viable dags retrieved from /opt/airflow/dags/StockMarketScripts/API_Call.py
[2025-04-16T13:32:08.745+0000] {processor.py:183} INFO - Processing /opt/airflow/dags/StockMarketScripts/API_Call.py took 0.035 seconds
[2025-04-16T13:32:39.383+0000] {processor.py:161} INFO - Started process (PID=2376) to work on /opt/airflow/dags/StockMarketScripts/API_Call.py
[2025-04-16T13:32:39.384+0000] {processor.py:830} INFO - Processing file /opt/airflow/dags/StockMarketScripts/API_Call.py for tasks to queue
[2025-04-16T13:32:39.385+0000] {logging_mixin.py:188} INFO - [2025-04-16T13:32:39.385+0000] {dagbag.py:538} INFO - Filling up the DagBag from /opt/airflow/dags/StockMarketScripts/API_Call.py
[2025-04-16T13:32:39.402+0000] {processor.py:842} WARNING - No viable dags retrieved from /opt/airflow/dags/StockMarketScripts/API_Call.py
[2025-04-16T13:32:39.414+0000] {processor.py:183} INFO - Processing /opt/airflow/dags/StockMarketScripts/API_Call.py took 0.035 seconds
[2025-04-16T13:33:10.069+0000] {processor.py:161} INFO - Started process (PID=2387) to work on /opt/airflow/dags/StockMarketScripts/API_Call.py
[2025-04-16T13:33:10.069+0000] {processor.py:830} INFO - Processing file /opt/airflow/dags/StockMarketScripts/API_Call.py for tasks to queue
[2025-04-16T13:33:10.070+0000] {logging_mixin.py:188} INFO - [2025-04-16T13:33:10.070+0000] {dagbag.py:538} INFO - Filling up the DagBag from /opt/airflow/dags/StockMarketScripts/API_Call.py
[2025-04-16T13:33:10.086+0000] {processor.py:842} WARNING - No viable dags retrieved from /opt/airflow/dags/StockMarketScripts/API_Call.py
[2025-04-16T13:33:10.098+0000] {processor.py:183} INFO - Processing /opt/airflow/dags/StockMarketScripts/API_Call.py took 0.032 seconds
[2025-04-16T13:33:40.311+0000] {processor.py:161} INFO - Started process (PID=2398) to work on /opt/airflow/dags/StockMarketScripts/API_Call.py
[2025-04-16T13:33:40.312+0000] {processor.py:830} INFO - Processing file /opt/airflow/dags/StockMarketScripts/API_Call.py for tasks to queue
[2025-04-16T13:33:40.313+0000] {logging_mixin.py:188} INFO - [2025-04-16T13:33:40.312+0000] {dagbag.py:538} INFO - Filling up the DagBag from /opt/airflow/dags/StockMarketScripts/API_Call.py
[2025-04-16T13:33:40.329+0000] {processor.py:842} WARNING - No viable dags retrieved from /opt/airflow/dags/StockMarketScripts/API_Call.py
[2025-04-16T13:33:40.340+0000] {processor.py:183} INFO - Processing /opt/airflow/dags/StockMarketScripts/API_Call.py took 0.033 seconds
[2025-04-16T13:34:11.064+0000] {processor.py:161} INFO - Started process (PID=2409) to work on /opt/airflow/dags/StockMarketScripts/API_Call.py
[2025-04-16T13:34:11.065+0000] {processor.py:830} INFO - Processing file /opt/airflow/dags/StockMarketScripts/API_Call.py for tasks to queue
[2025-04-16T13:34:11.066+0000] {logging_mixin.py:188} INFO - [2025-04-16T13:34:11.065+0000] {dagbag.py:538} INFO - Filling up the DagBag from /opt/airflow/dags/StockMarketScripts/API_Call.py
[2025-04-16T13:34:11.083+0000] {processor.py:842} WARNING - No viable dags retrieved from /opt/airflow/dags/StockMarketScripts/API_Call.py
[2025-04-16T13:34:11.096+0000] {processor.py:183} INFO - Processing /opt/airflow/dags/StockMarketScripts/API_Call.py took 0.035 seconds
[2025-04-16T13:34:41.832+0000] {processor.py:161} INFO - Started process (PID=2420) to work on /opt/airflow/dags/StockMarketScripts/API_Call.py
[2025-04-16T13:34:41.833+0000] {processor.py:830} INFO - Processing file /opt/airflow/dags/StockMarketScripts/API_Call.py for tasks to queue
[2025-04-16T13:34:41.833+0000] {logging_mixin.py:188} INFO - [2025-04-16T13:34:41.833+0000] {dagbag.py:538} INFO - Filling up the DagBag from /opt/airflow/dags/StockMarketScripts/API_Call.py
[2025-04-16T13:34:41.850+0000] {processor.py:842} WARNING - No viable dags retrieved from /opt/airflow/dags/StockMarketScripts/API_Call.py
[2025-04-16T13:34:41.860+0000] {processor.py:183} INFO - Processing /opt/airflow/dags/StockMarketScripts/API_Call.py took 0.032 seconds
[2025-04-16T13:35:11.913+0000] {processor.py:161} INFO - Started process (PID=2431) to work on /opt/airflow/dags/StockMarketScripts/API_Call.py
[2025-04-16T13:35:11.915+0000] {processor.py:830} INFO - Processing file /opt/airflow/dags/StockMarketScripts/API_Call.py for tasks to queue
[2025-04-16T13:35:11.917+0000] {logging_mixin.py:188} INFO - [2025-04-16T13:35:11.916+0000] {dagbag.py:538} INFO - Filling up the DagBag from /opt/airflow/dags/StockMarketScripts/API_Call.py
[2025-04-16T13:35:11.959+0000] {processor.py:842} WARNING - No viable dags retrieved from /opt/airflow/dags/StockMarketScripts/API_Call.py
[2025-04-16T13:35:12.000+0000] {processor.py:183} INFO - Processing /opt/airflow/dags/StockMarketScripts/API_Call.py took 0.099 seconds
[2025-04-16T13:36:41.068+0000] {processor.py:161} INFO - Started process (PID=36) to work on /opt/airflow/dags/StockMarketScripts/API_Call.py
[2025-04-16T13:36:41.069+0000] {processor.py:830} INFO - Processing file /opt/airflow/dags/StockMarketScripts/API_Call.py for tasks to queue
[2025-04-16T13:36:41.072+0000] {logging_mixin.py:188} INFO - [2025-04-16T13:36:41.072+0000] {dagbag.py:538} INFO - Filling up the DagBag from /opt/airflow/dags/StockMarketScripts/API_Call.py
[2025-04-16T13:36:41.098+0000] {processor.py:842} WARNING - No viable dags retrieved from /opt/airflow/dags/StockMarketScripts/API_Call.py
[2025-04-16T13:36:41.113+0000] {processor.py:183} INFO - Processing /opt/airflow/dags/StockMarketScripts/API_Call.py took 0.048 seconds
[2025-04-16T13:37:12.081+0000] {processor.py:161} INFO - Started process (PID=47) to work on /opt/airflow/dags/StockMarketScripts/API_Call.py
[2025-04-16T13:37:12.082+0000] {processor.py:830} INFO - Processing file /opt/airflow/dags/StockMarketScripts/API_Call.py for tasks to queue
[2025-04-16T13:37:12.084+0000] {logging_mixin.py:188} INFO - [2025-04-16T13:37:12.084+0000] {dagbag.py:538} INFO - Filling up the DagBag from /opt/airflow/dags/StockMarketScripts/API_Call.py
[2025-04-16T13:37:12.104+0000] {processor.py:842} WARNING - No viable dags retrieved from /opt/airflow/dags/StockMarketScripts/API_Call.py
[2025-04-16T13:37:12.115+0000] {processor.py:183} INFO - Processing /opt/airflow/dags/StockMarketScripts/API_Call.py took 0.037 seconds
[2025-04-16T13:37:42.786+0000] {processor.py:161} INFO - Started process (PID=58) to work on /opt/airflow/dags/StockMarketScripts/API_Call.py
[2025-04-16T13:37:42.787+0000] {processor.py:830} INFO - Processing file /opt/airflow/dags/StockMarketScripts/API_Call.py for tasks to queue
[2025-04-16T13:37:42.789+0000] {logging_mixin.py:188} INFO - [2025-04-16T13:37:42.789+0000] {dagbag.py:538} INFO - Filling up the DagBag from /opt/airflow/dags/StockMarketScripts/API_Call.py
[2025-04-16T13:37:42.809+0000] {processor.py:842} WARNING - No viable dags retrieved from /opt/airflow/dags/StockMarketScripts/API_Call.py
[2025-04-16T13:37:42.820+0000] {processor.py:183} INFO - Processing /opt/airflow/dags/StockMarketScripts/API_Call.py took 0.037 seconds
[2025-04-16T13:38:13.546+0000] {processor.py:161} INFO - Started process (PID=69) to work on /opt/airflow/dags/StockMarketScripts/API_Call.py
[2025-04-16T13:38:13.547+0000] {processor.py:830} INFO - Processing file /opt/airflow/dags/StockMarketScripts/API_Call.py for tasks to queue
[2025-04-16T13:38:13.549+0000] {logging_mixin.py:188} INFO - [2025-04-16T13:38:13.549+0000] {dagbag.py:538} INFO - Filling up the DagBag from /opt/airflow/dags/StockMarketScripts/API_Call.py
[2025-04-16T13:38:13.569+0000] {processor.py:842} WARNING - No viable dags retrieved from /opt/airflow/dags/StockMarketScripts/API_Call.py
[2025-04-16T13:38:13.580+0000] {processor.py:183} INFO - Processing /opt/airflow/dags/StockMarketScripts/API_Call.py took 0.037 seconds
[2025-04-16T13:38:44.469+0000] {processor.py:161} INFO - Started process (PID=80) to work on /opt/airflow/dags/StockMarketScripts/API_Call.py
[2025-04-16T13:38:44.470+0000] {processor.py:830} INFO - Processing file /opt/airflow/dags/StockMarketScripts/API_Call.py for tasks to queue
[2025-04-16T13:38:44.472+0000] {logging_mixin.py:188} INFO - [2025-04-16T13:38:44.471+0000] {dagbag.py:538} INFO - Filling up the DagBag from /opt/airflow/dags/StockMarketScripts/API_Call.py
[2025-04-16T13:38:44.492+0000] {processor.py:842} WARNING - No viable dags retrieved from /opt/airflow/dags/StockMarketScripts/API_Call.py
[2025-04-16T13:38:44.503+0000] {processor.py:183} INFO - Processing /opt/airflow/dags/StockMarketScripts/API_Call.py took 0.038 seconds
[2025-04-16T13:39:15.265+0000] {processor.py:161} INFO - Started process (PID=91) to work on /opt/airflow/dags/StockMarketScripts/API_Call.py
[2025-04-16T13:39:15.266+0000] {processor.py:830} INFO - Processing file /opt/airflow/dags/StockMarketScripts/API_Call.py for tasks to queue
[2025-04-16T13:39:15.267+0000] {logging_mixin.py:188} INFO - [2025-04-16T13:39:15.267+0000] {dagbag.py:538} INFO - Filling up the DagBag from /opt/airflow/dags/StockMarketScripts/API_Call.py
[2025-04-16T13:39:15.290+0000] {processor.py:842} WARNING - No viable dags retrieved from /opt/airflow/dags/StockMarketScripts/API_Call.py
[2025-04-16T13:39:15.302+0000] {processor.py:183} INFO - Processing /opt/airflow/dags/StockMarketScripts/API_Call.py took 0.041 seconds
[2025-04-16T13:39:46.245+0000] {processor.py:161} INFO - Started process (PID=102) to work on /opt/airflow/dags/StockMarketScripts/API_Call.py
[2025-04-16T13:39:46.246+0000] {processor.py:830} INFO - Processing file /opt/airflow/dags/StockMarketScripts/API_Call.py for tasks to queue
[2025-04-16T13:39:46.248+0000] {logging_mixin.py:188} INFO - [2025-04-16T13:39:46.247+0000] {dagbag.py:538} INFO - Filling up the DagBag from /opt/airflow/dags/StockMarketScripts/API_Call.py
[2025-04-16T13:39:46.267+0000] {processor.py:842} WARNING - No viable dags retrieved from /opt/airflow/dags/StockMarketScripts/API_Call.py
[2025-04-16T13:39:46.278+0000] {processor.py:183} INFO - Processing /opt/airflow/dags/StockMarketScripts/API_Call.py took 0.036 seconds
[2025-04-16T13:40:17.026+0000] {processor.py:161} INFO - Started process (PID=113) to work on /opt/airflow/dags/StockMarketScripts/API_Call.py
[2025-04-16T13:40:17.027+0000] {processor.py:830} INFO - Processing file /opt/airflow/dags/StockMarketScripts/API_Call.py for tasks to queue
[2025-04-16T13:40:17.029+0000] {logging_mixin.py:188} INFO - [2025-04-16T13:40:17.028+0000] {dagbag.py:538} INFO - Filling up the DagBag from /opt/airflow/dags/StockMarketScripts/API_Call.py
[2025-04-16T13:40:17.050+0000] {processor.py:842} WARNING - No viable dags retrieved from /opt/airflow/dags/StockMarketScripts/API_Call.py
[2025-04-16T13:40:17.061+0000] {processor.py:183} INFO - Processing /opt/airflow/dags/StockMarketScripts/API_Call.py took 0.039 seconds
[2025-04-16T13:40:48.020+0000] {processor.py:161} INFO - Started process (PID=124) to work on /opt/airflow/dags/StockMarketScripts/API_Call.py
[2025-04-16T13:40:48.021+0000] {processor.py:830} INFO - Processing file /opt/airflow/dags/StockMarketScripts/API_Call.py for tasks to queue
[2025-04-16T13:40:48.022+0000] {logging_mixin.py:188} INFO - [2025-04-16T13:40:48.022+0000] {dagbag.py:538} INFO - Filling up the DagBag from /opt/airflow/dags/StockMarketScripts/API_Call.py
[2025-04-16T13:40:48.042+0000] {processor.py:842} WARNING - No viable dags retrieved from /opt/airflow/dags/StockMarketScripts/API_Call.py
[2025-04-16T13:40:48.053+0000] {processor.py:183} INFO - Processing /opt/airflow/dags/StockMarketScripts/API_Call.py took 0.036 seconds
[2025-04-16T13:41:18.767+0000] {processor.py:161} INFO - Started process (PID=135) to work on /opt/airflow/dags/StockMarketScripts/API_Call.py
[2025-04-16T13:41:18.768+0000] {processor.py:830} INFO - Processing file /opt/airflow/dags/StockMarketScripts/API_Call.py for tasks to queue
[2025-04-16T13:41:18.769+0000] {logging_mixin.py:188} INFO - [2025-04-16T13:41:18.769+0000] {dagbag.py:538} INFO - Filling up the DagBag from /opt/airflow/dags/StockMarketScripts/API_Call.py
[2025-04-16T13:41:18.789+0000] {processor.py:842} WARNING - No viable dags retrieved from /opt/airflow/dags/StockMarketScripts/API_Call.py
[2025-04-16T13:41:18.801+0000] {processor.py:183} INFO - Processing /opt/airflow/dags/StockMarketScripts/API_Call.py took 0.037 seconds
[2025-04-16T13:41:49.321+0000] {processor.py:161} INFO - Started process (PID=146) to work on /opt/airflow/dags/StockMarketScripts/API_Call.py
[2025-04-16T13:41:49.322+0000] {processor.py:830} INFO - Processing file /opt/airflow/dags/StockMarketScripts/API_Call.py for tasks to queue
[2025-04-16T13:41:49.324+0000] {logging_mixin.py:188} INFO - [2025-04-16T13:41:49.324+0000] {dagbag.py:538} INFO - Filling up the DagBag from /opt/airflow/dags/StockMarketScripts/API_Call.py
[2025-04-16T13:41:49.344+0000] {processor.py:842} WARNING - No viable dags retrieved from /opt/airflow/dags/StockMarketScripts/API_Call.py
[2025-04-16T13:41:49.356+0000] {processor.py:183} INFO - Processing /opt/airflow/dags/StockMarketScripts/API_Call.py took 0.037 seconds
[2025-04-16T13:42:20.109+0000] {processor.py:161} INFO - Started process (PID=157) to work on /opt/airflow/dags/StockMarketScripts/API_Call.py
[2025-04-16T13:42:20.110+0000] {processor.py:830} INFO - Processing file /opt/airflow/dags/StockMarketScripts/API_Call.py for tasks to queue
[2025-04-16T13:42:20.112+0000] {logging_mixin.py:188} INFO - [2025-04-16T13:42:20.111+0000] {dagbag.py:538} INFO - Filling up the DagBag from /opt/airflow/dags/StockMarketScripts/API_Call.py
[2025-04-16T13:42:20.133+0000] {processor.py:842} WARNING - No viable dags retrieved from /opt/airflow/dags/StockMarketScripts/API_Call.py
[2025-04-16T13:42:20.144+0000] {processor.py:183} INFO - Processing /opt/airflow/dags/StockMarketScripts/API_Call.py took 0.039 seconds
[2025-04-16T13:42:51.073+0000] {processor.py:161} INFO - Started process (PID=168) to work on /opt/airflow/dags/StockMarketScripts/API_Call.py
[2025-04-16T13:42:51.074+0000] {processor.py:830} INFO - Processing file /opt/airflow/dags/StockMarketScripts/API_Call.py for tasks to queue
[2025-04-16T13:42:51.077+0000] {logging_mixin.py:188} INFO - [2025-04-16T13:42:51.076+0000] {dagbag.py:538} INFO - Filling up the DagBag from /opt/airflow/dags/StockMarketScripts/API_Call.py
[2025-04-16T13:42:51.098+0000] {processor.py:842} WARNING - No viable dags retrieved from /opt/airflow/dags/StockMarketScripts/API_Call.py
[2025-04-16T13:42:51.109+0000] {processor.py:183} INFO - Processing /opt/airflow/dags/StockMarketScripts/API_Call.py took 0.040 seconds
[2025-04-16T13:43:21.837+0000] {processor.py:161} INFO - Started process (PID=179) to work on /opt/airflow/dags/StockMarketScripts/API_Call.py
[2025-04-16T13:43:21.838+0000] {processor.py:830} INFO - Processing file /opt/airflow/dags/StockMarketScripts/API_Call.py for tasks to queue
[2025-04-16T13:43:21.840+0000] {logging_mixin.py:188} INFO - [2025-04-16T13:43:21.840+0000] {dagbag.py:538} INFO - Filling up the DagBag from /opt/airflow/dags/StockMarketScripts/API_Call.py
[2025-04-16T13:43:21.861+0000] {processor.py:842} WARNING - No viable dags retrieved from /opt/airflow/dags/StockMarketScripts/API_Call.py
[2025-04-16T13:43:21.873+0000] {processor.py:183} INFO - Processing /opt/airflow/dags/StockMarketScripts/API_Call.py took 0.039 seconds
[2025-04-16T13:43:52.792+0000] {processor.py:161} INFO - Started process (PID=190) to work on /opt/airflow/dags/StockMarketScripts/API_Call.py
[2025-04-16T13:43:52.793+0000] {processor.py:830} INFO - Processing file /opt/airflow/dags/StockMarketScripts/API_Call.py for tasks to queue
[2025-04-16T13:43:52.795+0000] {logging_mixin.py:188} INFO - [2025-04-16T13:43:52.794+0000] {dagbag.py:538} INFO - Filling up the DagBag from /opt/airflow/dags/StockMarketScripts/API_Call.py
[2025-04-16T13:43:52.815+0000] {processor.py:842} WARNING - No viable dags retrieved from /opt/airflow/dags/StockMarketScripts/API_Call.py
[2025-04-16T13:43:52.827+0000] {processor.py:183} INFO - Processing /opt/airflow/dags/StockMarketScripts/API_Call.py took 0.038 seconds
[2025-04-16T13:44:23.571+0000] {processor.py:161} INFO - Started process (PID=201) to work on /opt/airflow/dags/StockMarketScripts/API_Call.py
[2025-04-16T13:44:23.572+0000] {processor.py:830} INFO - Processing file /opt/airflow/dags/StockMarketScripts/API_Call.py for tasks to queue
[2025-04-16T13:44:23.573+0000] {logging_mixin.py:188} INFO - [2025-04-16T13:44:23.573+0000] {dagbag.py:538} INFO - Filling up the DagBag from /opt/airflow/dags/StockMarketScripts/API_Call.py
[2025-04-16T13:44:23.594+0000] {processor.py:842} WARNING - No viable dags retrieved from /opt/airflow/dags/StockMarketScripts/API_Call.py
[2025-04-16T13:44:23.605+0000] {processor.py:183} INFO - Processing /opt/airflow/dags/StockMarketScripts/API_Call.py took 0.037 seconds
[2025-04-16T13:44:54.226+0000] {processor.py:161} INFO - Started process (PID=212) to work on /opt/airflow/dags/StockMarketScripts/API_Call.py
[2025-04-16T13:44:54.227+0000] {processor.py:830} INFO - Processing file /opt/airflow/dags/StockMarketScripts/API_Call.py for tasks to queue
[2025-04-16T13:44:54.229+0000] {logging_mixin.py:188} INFO - [2025-04-16T13:44:54.229+0000] {dagbag.py:538} INFO - Filling up the DagBag from /opt/airflow/dags/StockMarketScripts/API_Call.py
[2025-04-16T13:44:54.251+0000] {processor.py:842} WARNING - No viable dags retrieved from /opt/airflow/dags/StockMarketScripts/API_Call.py
[2025-04-16T13:44:54.264+0000] {processor.py:183} INFO - Processing /opt/airflow/dags/StockMarketScripts/API_Call.py took 0.043 seconds
[2025-04-16T13:45:24.872+0000] {processor.py:161} INFO - Started process (PID=224) to work on /opt/airflow/dags/StockMarketScripts/API_Call.py
[2025-04-16T13:45:24.873+0000] {processor.py:830} INFO - Processing file /opt/airflow/dags/StockMarketScripts/API_Call.py for tasks to queue
[2025-04-16T13:45:24.875+0000] {logging_mixin.py:188} INFO - [2025-04-16T13:45:24.874+0000] {dagbag.py:538} INFO - Filling up the DagBag from /opt/airflow/dags/StockMarketScripts/API_Call.py
[2025-04-16T13:45:24.894+0000] {processor.py:842} WARNING - No viable dags retrieved from /opt/airflow/dags/StockMarketScripts/API_Call.py
[2025-04-16T13:45:24.905+0000] {processor.py:183} INFO - Processing /opt/airflow/dags/StockMarketScripts/API_Call.py took 0.036 seconds
[2025-04-16T13:45:55.492+0000] {processor.py:161} INFO - Started process (PID=235) to work on /opt/airflow/dags/StockMarketScripts/API_Call.py
[2025-04-16T13:45:55.493+0000] {processor.py:830} INFO - Processing file /opt/airflow/dags/StockMarketScripts/API_Call.py for tasks to queue
[2025-04-16T13:45:55.495+0000] {logging_mixin.py:188} INFO - [2025-04-16T13:45:55.495+0000] {dagbag.py:538} INFO - Filling up the DagBag from /opt/airflow/dags/StockMarketScripts/API_Call.py
[2025-04-16T13:45:55.515+0000] {processor.py:842} WARNING - No viable dags retrieved from /opt/airflow/dags/StockMarketScripts/API_Call.py
[2025-04-16T13:45:55.528+0000] {processor.py:183} INFO - Processing /opt/airflow/dags/StockMarketScripts/API_Call.py took 0.040 seconds
[2025-04-16T13:46:26.180+0000] {processor.py:161} INFO - Started process (PID=246) to work on /opt/airflow/dags/StockMarketScripts/API_Call.py
[2025-04-16T13:46:26.181+0000] {processor.py:830} INFO - Processing file /opt/airflow/dags/StockMarketScripts/API_Call.py for tasks to queue
[2025-04-16T13:46:26.183+0000] {logging_mixin.py:188} INFO - [2025-04-16T13:46:26.183+0000] {dagbag.py:538} INFO - Filling up the DagBag from /opt/airflow/dags/StockMarketScripts/API_Call.py
[2025-04-16T13:46:26.206+0000] {processor.py:842} WARNING - No viable dags retrieved from /opt/airflow/dags/StockMarketScripts/API_Call.py
[2025-04-16T13:46:26.218+0000] {processor.py:183} INFO - Processing /opt/airflow/dags/StockMarketScripts/API_Call.py took 0.042 seconds
[2025-04-16T13:46:56.390+0000] {processor.py:161} INFO - Started process (PID=263) to work on /opt/airflow/dags/StockMarketScripts/API_Call.py
[2025-04-16T13:46:56.391+0000] {processor.py:830} INFO - Processing file /opt/airflow/dags/StockMarketScripts/API_Call.py for tasks to queue
[2025-04-16T13:46:56.393+0000] {logging_mixin.py:188} INFO - [2025-04-16T13:46:56.393+0000] {dagbag.py:538} INFO - Filling up the DagBag from /opt/airflow/dags/StockMarketScripts/API_Call.py
[2025-04-16T13:46:56.413+0000] {processor.py:842} WARNING - No viable dags retrieved from /opt/airflow/dags/StockMarketScripts/API_Call.py
[2025-04-16T13:46:56.425+0000] {processor.py:183} INFO - Processing /opt/airflow/dags/StockMarketScripts/API_Call.py took 0.038 seconds
[2025-04-16T13:47:23.119+0000] {processor.py:161} INFO - Started process (PID=266) to work on /opt/airflow/dags/StockMarketScripts/API_Call.py
[2025-04-16T13:47:23.120+0000] {processor.py:830} INFO - Processing file /opt/airflow/dags/StockMarketScripts/API_Call.py for tasks to queue
[2025-04-16T13:47:23.122+0000] {logging_mixin.py:188} INFO - [2025-04-16T13:47:23.121+0000] {dagbag.py:538} INFO - Filling up the DagBag from /opt/airflow/dags/StockMarketScripts/API_Call.py
[2025-04-16T13:47:23.148+0000] {processor.py:842} WARNING - No viable dags retrieved from /opt/airflow/dags/StockMarketScripts/API_Call.py
[2025-04-16T13:47:23.159+0000] {processor.py:183} INFO - Processing /opt/airflow/dags/StockMarketScripts/API_Call.py took 0.044 seconds
[2025-04-16T13:47:54.033+0000] {processor.py:161} INFO - Started process (PID=279) to work on /opt/airflow/dags/StockMarketScripts/API_Call.py
[2025-04-16T13:47:54.034+0000] {processor.py:830} INFO - Processing file /opt/airflow/dags/StockMarketScripts/API_Call.py for tasks to queue
[2025-04-16T13:47:54.036+0000] {logging_mixin.py:188} INFO - [2025-04-16T13:47:54.035+0000] {dagbag.py:538} INFO - Filling up the DagBag from /opt/airflow/dags/StockMarketScripts/API_Call.py
[2025-04-16T13:47:54.054+0000] {processor.py:842} WARNING - No viable dags retrieved from /opt/airflow/dags/StockMarketScripts/API_Call.py
[2025-04-16T13:47:54.066+0000] {processor.py:183} INFO - Processing /opt/airflow/dags/StockMarketScripts/API_Call.py took 0.036 seconds
[2025-04-16T13:48:24.650+0000] {processor.py:161} INFO - Started process (PID=290) to work on /opt/airflow/dags/StockMarketScripts/API_Call.py
[2025-04-16T13:48:24.651+0000] {processor.py:830} INFO - Processing file /opt/airflow/dags/StockMarketScripts/API_Call.py for tasks to queue
[2025-04-16T13:48:24.653+0000] {logging_mixin.py:188} INFO - [2025-04-16T13:48:24.652+0000] {dagbag.py:538} INFO - Filling up the DagBag from /opt/airflow/dags/StockMarketScripts/API_Call.py
[2025-04-16T13:48:24.672+0000] {processor.py:842} WARNING - No viable dags retrieved from /opt/airflow/dags/StockMarketScripts/API_Call.py
[2025-04-16T13:48:24.683+0000] {processor.py:183} INFO - Processing /opt/airflow/dags/StockMarketScripts/API_Call.py took 0.037 seconds
[2025-04-16T13:48:55.282+0000] {processor.py:161} INFO - Started process (PID=301) to work on /opt/airflow/dags/StockMarketScripts/API_Call.py
[2025-04-16T13:48:55.283+0000] {processor.py:830} INFO - Processing file /opt/airflow/dags/StockMarketScripts/API_Call.py for tasks to queue
[2025-04-16T13:48:55.285+0000] {logging_mixin.py:188} INFO - [2025-04-16T13:48:55.285+0000] {dagbag.py:538} INFO - Filling up the DagBag from /opt/airflow/dags/StockMarketScripts/API_Call.py
[2025-04-16T13:48:55.305+0000] {processor.py:842} WARNING - No viable dags retrieved from /opt/airflow/dags/StockMarketScripts/API_Call.py
[2025-04-16T13:48:55.316+0000] {processor.py:183} INFO - Processing /opt/airflow/dags/StockMarketScripts/API_Call.py took 0.037 seconds
[2025-04-16T13:49:25.951+0000] {processor.py:161} INFO - Started process (PID=312) to work on /opt/airflow/dags/StockMarketScripts/API_Call.py
[2025-04-16T13:49:25.952+0000] {processor.py:830} INFO - Processing file /opt/airflow/dags/StockMarketScripts/API_Call.py for tasks to queue
[2025-04-16T13:49:25.953+0000] {logging_mixin.py:188} INFO - [2025-04-16T13:49:25.953+0000] {dagbag.py:538} INFO - Filling up the DagBag from /opt/airflow/dags/StockMarketScripts/API_Call.py
[2025-04-16T13:49:25.975+0000] {processor.py:842} WARNING - No viable dags retrieved from /opt/airflow/dags/StockMarketScripts/API_Call.py
[2025-04-16T13:49:25.986+0000] {processor.py:183} INFO - Processing /opt/airflow/dags/StockMarketScripts/API_Call.py took 0.039 seconds
[2025-04-16T13:49:56.595+0000] {processor.py:161} INFO - Started process (PID=329) to work on /opt/airflow/dags/StockMarketScripts/API_Call.py
[2025-04-16T13:49:56.596+0000] {processor.py:830} INFO - Processing file /opt/airflow/dags/StockMarketScripts/API_Call.py for tasks to queue
[2025-04-16T13:49:56.598+0000] {logging_mixin.py:188} INFO - [2025-04-16T13:49:56.598+0000] {dagbag.py:538} INFO - Filling up the DagBag from /opt/airflow/dags/StockMarketScripts/API_Call.py
[2025-04-16T13:49:56.617+0000] {processor.py:842} WARNING - No viable dags retrieved from /opt/airflow/dags/StockMarketScripts/API_Call.py
[2025-04-16T13:49:56.629+0000] {processor.py:183} INFO - Processing /opt/airflow/dags/StockMarketScripts/API_Call.py took 0.038 seconds
[2025-04-16T13:50:27.206+0000] {processor.py:161} INFO - Started process (PID=340) to work on /opt/airflow/dags/StockMarketScripts/API_Call.py
[2025-04-16T13:50:27.207+0000] {processor.py:830} INFO - Processing file /opt/airflow/dags/StockMarketScripts/API_Call.py for tasks to queue
[2025-04-16T13:50:27.209+0000] {logging_mixin.py:188} INFO - [2025-04-16T13:50:27.209+0000] {dagbag.py:538} INFO - Filling up the DagBag from /opt/airflow/dags/StockMarketScripts/API_Call.py
[2025-04-16T13:50:27.230+0000] {processor.py:842} WARNING - No viable dags retrieved from /opt/airflow/dags/StockMarketScripts/API_Call.py
[2025-04-16T13:50:27.242+0000] {processor.py:183} INFO - Processing /opt/airflow/dags/StockMarketScripts/API_Call.py took 0.039 seconds
[2025-04-16T13:50:57.868+0000] {processor.py:161} INFO - Started process (PID=351) to work on /opt/airflow/dags/StockMarketScripts/API_Call.py
[2025-04-16T13:50:57.869+0000] {processor.py:830} INFO - Processing file /opt/airflow/dags/StockMarketScripts/API_Call.py for tasks to queue
[2025-04-16T13:50:57.871+0000] {logging_mixin.py:188} INFO - [2025-04-16T13:50:57.871+0000] {dagbag.py:538} INFO - Filling up the DagBag from /opt/airflow/dags/StockMarketScripts/API_Call.py
[2025-04-16T13:50:57.890+0000] {processor.py:842} WARNING - No viable dags retrieved from /opt/airflow/dags/StockMarketScripts/API_Call.py
[2025-04-16T13:50:57.902+0000] {processor.py:183} INFO - Processing /opt/airflow/dags/StockMarketScripts/API_Call.py took 0.037 seconds
[2025-04-16T13:51:28.536+0000] {processor.py:161} INFO - Started process (PID=363) to work on /opt/airflow/dags/StockMarketScripts/API_Call.py
[2025-04-16T13:51:28.537+0000] {processor.py:830} INFO - Processing file /opt/airflow/dags/StockMarketScripts/API_Call.py for tasks to queue
[2025-04-16T13:51:28.539+0000] {logging_mixin.py:188} INFO - [2025-04-16T13:51:28.538+0000] {dagbag.py:538} INFO - Filling up the DagBag from /opt/airflow/dags/StockMarketScripts/API_Call.py
[2025-04-16T13:51:28.558+0000] {processor.py:842} WARNING - No viable dags retrieved from /opt/airflow/dags/StockMarketScripts/API_Call.py
[2025-04-16T13:51:28.571+0000] {processor.py:183} INFO - Processing /opt/airflow/dags/StockMarketScripts/API_Call.py took 0.038 seconds
[2025-04-16T13:51:58.674+0000] {processor.py:161} INFO - Started process (PID=374) to work on /opt/airflow/dags/StockMarketScripts/API_Call.py
[2025-04-16T13:51:58.675+0000] {processor.py:830} INFO - Processing file /opt/airflow/dags/StockMarketScripts/API_Call.py for tasks to queue
[2025-04-16T13:51:58.677+0000] {logging_mixin.py:188} INFO - [2025-04-16T13:51:58.677+0000] {dagbag.py:538} INFO - Filling up the DagBag from /opt/airflow/dags/StockMarketScripts/API_Call.py
[2025-04-16T13:51:58.697+0000] {processor.py:842} WARNING - No viable dags retrieved from /opt/airflow/dags/StockMarketScripts/API_Call.py
[2025-04-16T13:51:58.708+0000] {processor.py:183} INFO - Processing /opt/airflow/dags/StockMarketScripts/API_Call.py took 0.038 seconds
[2025-04-16T13:52:29.403+0000] {processor.py:161} INFO - Started process (PID=386) to work on /opt/airflow/dags/StockMarketScripts/API_Call.py
[2025-04-16T13:52:29.404+0000] {processor.py:830} INFO - Processing file /opt/airflow/dags/StockMarketScripts/API_Call.py for tasks to queue
[2025-04-16T13:52:29.405+0000] {logging_mixin.py:188} INFO - [2025-04-16T13:52:29.405+0000] {dagbag.py:538} INFO - Filling up the DagBag from /opt/airflow/dags/StockMarketScripts/API_Call.py
[2025-04-16T13:52:29.424+0000] {processor.py:842} WARNING - No viable dags retrieved from /opt/airflow/dags/StockMarketScripts/API_Call.py
[2025-04-16T13:52:29.435+0000] {processor.py:183} INFO - Processing /opt/airflow/dags/StockMarketScripts/API_Call.py took 0.035 seconds
[2025-04-16T13:53:00.047+0000] {processor.py:161} INFO - Started process (PID=397) to work on /opt/airflow/dags/StockMarketScripts/API_Call.py
[2025-04-16T13:53:00.048+0000] {processor.py:830} INFO - Processing file /opt/airflow/dags/StockMarketScripts/API_Call.py for tasks to queue
[2025-04-16T13:53:00.049+0000] {logging_mixin.py:188} INFO - [2025-04-16T13:53:00.049+0000] {dagbag.py:538} INFO - Filling up the DagBag from /opt/airflow/dags/StockMarketScripts/API_Call.py
[2025-04-16T13:53:00.070+0000] {processor.py:842} WARNING - No viable dags retrieved from /opt/airflow/dags/StockMarketScripts/API_Call.py
[2025-04-16T13:53:00.082+0000] {processor.py:183} INFO - Processing /opt/airflow/dags/StockMarketScripts/API_Call.py took 0.039 seconds
[2025-04-16T13:53:30.538+0000] {processor.py:161} INFO - Started process (PID=408) to work on /opt/airflow/dags/StockMarketScripts/API_Call.py
[2025-04-16T13:53:30.539+0000] {processor.py:830} INFO - Processing file /opt/airflow/dags/StockMarketScripts/API_Call.py for tasks to queue
[2025-04-16T13:53:30.541+0000] {logging_mixin.py:188} INFO - [2025-04-16T13:53:30.541+0000] {dagbag.py:538} INFO - Filling up the DagBag from /opt/airflow/dags/StockMarketScripts/API_Call.py
[2025-04-16T13:53:30.559+0000] {processor.py:842} WARNING - No viable dags retrieved from /opt/airflow/dags/StockMarketScripts/API_Call.py
[2025-04-16T13:53:30.571+0000] {processor.py:183} INFO - Processing /opt/airflow/dags/StockMarketScripts/API_Call.py took 0.037 seconds
[2025-04-16T13:54:00.959+0000] {processor.py:161} INFO - Started process (PID=419) to work on /opt/airflow/dags/StockMarketScripts/API_Call.py
[2025-04-16T13:54:00.960+0000] {processor.py:830} INFO - Processing file /opt/airflow/dags/StockMarketScripts/API_Call.py for tasks to queue
[2025-04-16T13:54:00.964+0000] {logging_mixin.py:188} INFO - [2025-04-16T13:54:00.964+0000] {dagbag.py:538} INFO - Filling up the DagBag from /opt/airflow/dags/StockMarketScripts/API_Call.py
[2025-04-16T13:54:00.985+0000] {processor.py:842} WARNING - No viable dags retrieved from /opt/airflow/dags/StockMarketScripts/API_Call.py
[2025-04-16T13:54:01.001+0000] {processor.py:183} INFO - Processing /opt/airflow/dags/StockMarketScripts/API_Call.py took 0.047 seconds
[2025-04-16T13:54:31.544+0000] {processor.py:161} INFO - Started process (PID=431) to work on /opt/airflow/dags/StockMarketScripts/API_Call.py
[2025-04-16T13:54:31.545+0000] {processor.py:830} INFO - Processing file /opt/airflow/dags/StockMarketScripts/API_Call.py for tasks to queue
[2025-04-16T13:54:31.547+0000] {logging_mixin.py:188} INFO - [2025-04-16T13:54:31.547+0000] {dagbag.py:538} INFO - Filling up the DagBag from /opt/airflow/dags/StockMarketScripts/API_Call.py
[2025-04-16T13:54:31.566+0000] {processor.py:842} WARNING - No viable dags retrieved from /opt/airflow/dags/StockMarketScripts/API_Call.py
[2025-04-16T13:54:31.582+0000] {processor.py:183} INFO - Processing /opt/airflow/dags/StockMarketScripts/API_Call.py took 0.042 seconds
[2025-04-16T13:55:02.205+0000] {processor.py:161} INFO - Started process (PID=442) to work on /opt/airflow/dags/StockMarketScripts/API_Call.py
[2025-04-16T13:55:02.206+0000] {processor.py:830} INFO - Processing file /opt/airflow/dags/StockMarketScripts/API_Call.py for tasks to queue
[2025-04-16T13:55:02.207+0000] {logging_mixin.py:188} INFO - [2025-04-16T13:55:02.207+0000] {dagbag.py:538} INFO - Filling up the DagBag from /opt/airflow/dags/StockMarketScripts/API_Call.py
[2025-04-16T13:55:02.226+0000] {processor.py:842} WARNING - No viable dags retrieved from /opt/airflow/dags/StockMarketScripts/API_Call.py
[2025-04-16T13:55:02.239+0000] {processor.py:183} INFO - Processing /opt/airflow/dags/StockMarketScripts/API_Call.py took 0.038 seconds
[2025-04-16T13:55:32.749+0000] {processor.py:161} INFO - Started process (PID=453) to work on /opt/airflow/dags/StockMarketScripts/API_Call.py
[2025-04-16T13:55:32.750+0000] {processor.py:830} INFO - Processing file /opt/airflow/dags/StockMarketScripts/API_Call.py for tasks to queue
[2025-04-16T13:55:32.752+0000] {logging_mixin.py:188} INFO - [2025-04-16T13:55:32.752+0000] {dagbag.py:538} INFO - Filling up the DagBag from /opt/airflow/dags/StockMarketScripts/API_Call.py
[2025-04-16T13:55:32.768+0000] {processor.py:842} WARNING - No viable dags retrieved from /opt/airflow/dags/StockMarketScripts/API_Call.py
[2025-04-16T13:55:32.780+0000] {processor.py:183} INFO - Processing /opt/airflow/dags/StockMarketScripts/API_Call.py took 0.034 seconds
[2025-04-16T13:56:03.289+0000] {processor.py:161} INFO - Started process (PID=464) to work on /opt/airflow/dags/StockMarketScripts/API_Call.py
[2025-04-16T13:56:03.290+0000] {processor.py:830} INFO - Processing file /opt/airflow/dags/StockMarketScripts/API_Call.py for tasks to queue
[2025-04-16T13:56:03.292+0000] {logging_mixin.py:188} INFO - [2025-04-16T13:56:03.292+0000] {dagbag.py:538} INFO - Filling up the DagBag from /opt/airflow/dags/StockMarketScripts/API_Call.py
[2025-04-16T13:56:03.312+0000] {processor.py:842} WARNING - No viable dags retrieved from /opt/airflow/dags/StockMarketScripts/API_Call.py
[2025-04-16T13:56:03.323+0000] {processor.py:183} INFO - Processing /opt/airflow/dags/StockMarketScripts/API_Call.py took 0.038 seconds
[2025-04-16T13:56:33.842+0000] {processor.py:161} INFO - Started process (PID=475) to work on /opt/airflow/dags/StockMarketScripts/API_Call.py
[2025-04-16T13:56:33.843+0000] {processor.py:830} INFO - Processing file /opt/airflow/dags/StockMarketScripts/API_Call.py for tasks to queue
[2025-04-16T13:56:33.845+0000] {logging_mixin.py:188} INFO - [2025-04-16T13:56:33.845+0000] {dagbag.py:538} INFO - Filling up the DagBag from /opt/airflow/dags/StockMarketScripts/API_Call.py
[2025-04-16T13:56:33.866+0000] {processor.py:842} WARNING - No viable dags retrieved from /opt/airflow/dags/StockMarketScripts/API_Call.py
[2025-04-16T13:56:33.878+0000] {processor.py:183} INFO - Processing /opt/airflow/dags/StockMarketScripts/API_Call.py took 0.039 seconds
[2025-04-16T13:57:04.120+0000] {processor.py:161} INFO - Started process (PID=486) to work on /opt/airflow/dags/StockMarketScripts/API_Call.py
[2025-04-16T13:57:04.121+0000] {processor.py:830} INFO - Processing file /opt/airflow/dags/StockMarketScripts/API_Call.py for tasks to queue
[2025-04-16T13:57:04.123+0000] {logging_mixin.py:188} INFO - [2025-04-16T13:57:04.123+0000] {dagbag.py:538} INFO - Filling up the DagBag from /opt/airflow/dags/StockMarketScripts/API_Call.py
[2025-04-16T13:57:04.143+0000] {processor.py:842} WARNING - No viable dags retrieved from /opt/airflow/dags/StockMarketScripts/API_Call.py
[2025-04-16T13:57:04.155+0000] {processor.py:183} INFO - Processing /opt/airflow/dags/StockMarketScripts/API_Call.py took 0.039 seconds
[2025-04-16T13:57:34.693+0000] {processor.py:161} INFO - Started process (PID=497) to work on /opt/airflow/dags/StockMarketScripts/API_Call.py
[2025-04-16T13:57:34.694+0000] {processor.py:830} INFO - Processing file /opt/airflow/dags/StockMarketScripts/API_Call.py for tasks to queue
[2025-04-16T13:57:34.696+0000] {logging_mixin.py:188} INFO - [2025-04-16T13:57:34.696+0000] {dagbag.py:538} INFO - Filling up the DagBag from /opt/airflow/dags/StockMarketScripts/API_Call.py
[2025-04-16T13:57:34.717+0000] {processor.py:842} WARNING - No viable dags retrieved from /opt/airflow/dags/StockMarketScripts/API_Call.py
[2025-04-16T13:57:34.729+0000] {processor.py:183} INFO - Processing /opt/airflow/dags/StockMarketScripts/API_Call.py took 0.039 seconds
[2025-04-16T13:58:05.244+0000] {processor.py:161} INFO - Started process (PID=508) to work on /opt/airflow/dags/StockMarketScripts/API_Call.py
[2025-04-16T13:58:05.245+0000] {processor.py:830} INFO - Processing file /opt/airflow/dags/StockMarketScripts/API_Call.py for tasks to queue
[2025-04-16T13:58:05.246+0000] {logging_mixin.py:188} INFO - [2025-04-16T13:58:05.246+0000] {dagbag.py:538} INFO - Filling up the DagBag from /opt/airflow/dags/StockMarketScripts/API_Call.py
[2025-04-16T13:58:05.266+0000] {processor.py:842} WARNING - No viable dags retrieved from /opt/airflow/dags/StockMarketScripts/API_Call.py
[2025-04-16T13:58:05.278+0000] {processor.py:183} INFO - Processing /opt/airflow/dags/StockMarketScripts/API_Call.py took 0.038 seconds
[2025-04-16T13:58:35.842+0000] {processor.py:161} INFO - Started process (PID=519) to work on /opt/airflow/dags/StockMarketScripts/API_Call.py
[2025-04-16T13:58:35.843+0000] {processor.py:830} INFO - Processing file /opt/airflow/dags/StockMarketScripts/API_Call.py for tasks to queue
[2025-04-16T13:58:35.845+0000] {logging_mixin.py:188} INFO - [2025-04-16T13:58:35.844+0000] {dagbag.py:538} INFO - Filling up the DagBag from /opt/airflow/dags/StockMarketScripts/API_Call.py
[2025-04-16T13:58:35.864+0000] {processor.py:842} WARNING - No viable dags retrieved from /opt/airflow/dags/StockMarketScripts/API_Call.py
[2025-04-16T13:58:35.876+0000] {processor.py:183} INFO - Processing /opt/airflow/dags/StockMarketScripts/API_Call.py took 0.037 seconds
[2025-04-16T13:59:06.414+0000] {processor.py:161} INFO - Started process (PID=530) to work on /opt/airflow/dags/StockMarketScripts/API_Call.py
[2025-04-16T13:59:06.415+0000] {processor.py:830} INFO - Processing file /opt/airflow/dags/StockMarketScripts/API_Call.py for tasks to queue
[2025-04-16T13:59:06.417+0000] {logging_mixin.py:188} INFO - [2025-04-16T13:59:06.416+0000] {dagbag.py:538} INFO - Filling up the DagBag from /opt/airflow/dags/StockMarketScripts/API_Call.py
[2025-04-16T13:59:06.437+0000] {processor.py:842} WARNING - No viable dags retrieved from /opt/airflow/dags/StockMarketScripts/API_Call.py
[2025-04-16T13:59:06.449+0000] {processor.py:183} INFO - Processing /opt/airflow/dags/StockMarketScripts/API_Call.py took 0.039 seconds
[2025-04-16T13:59:36.971+0000] {processor.py:161} INFO - Started process (PID=541) to work on /opt/airflow/dags/StockMarketScripts/API_Call.py
[2025-04-16T13:59:36.972+0000] {processor.py:830} INFO - Processing file /opt/airflow/dags/StockMarketScripts/API_Call.py for tasks to queue
[2025-04-16T13:59:36.974+0000] {logging_mixin.py:188} INFO - [2025-04-16T13:59:36.974+0000] {dagbag.py:538} INFO - Filling up the DagBag from /opt/airflow/dags/StockMarketScripts/API_Call.py
[2025-04-16T13:59:36.993+0000] {processor.py:842} WARNING - No viable dags retrieved from /opt/airflow/dags/StockMarketScripts/API_Call.py
[2025-04-16T13:59:37.004+0000] {processor.py:183} INFO - Processing /opt/airflow/dags/StockMarketScripts/API_Call.py took 0.036 seconds
[2025-04-16T14:00:07.555+0000] {processor.py:161} INFO - Started process (PID=552) to work on /opt/airflow/dags/StockMarketScripts/API_Call.py
[2025-04-16T14:00:07.556+0000] {processor.py:830} INFO - Processing file /opt/airflow/dags/StockMarketScripts/API_Call.py for tasks to queue
[2025-04-16T14:00:07.557+0000] {logging_mixin.py:188} INFO - [2025-04-16T14:00:07.557+0000] {dagbag.py:538} INFO - Filling up the DagBag from /opt/airflow/dags/StockMarketScripts/API_Call.py
[2025-04-16T14:00:07.577+0000] {processor.py:842} WARNING - No viable dags retrieved from /opt/airflow/dags/StockMarketScripts/API_Call.py
[2025-04-16T14:00:07.588+0000] {processor.py:183} INFO - Processing /opt/airflow/dags/StockMarketScripts/API_Call.py took 0.037 seconds
[2025-04-16T14:00:38.167+0000] {processor.py:161} INFO - Started process (PID=563) to work on /opt/airflow/dags/StockMarketScripts/API_Call.py
[2025-04-16T14:00:38.168+0000] {processor.py:830} INFO - Processing file /opt/airflow/dags/StockMarketScripts/API_Call.py for tasks to queue
[2025-04-16T14:00:38.169+0000] {logging_mixin.py:188} INFO - [2025-04-16T14:00:38.169+0000] {dagbag.py:538} INFO - Filling up the DagBag from /opt/airflow/dags/StockMarketScripts/API_Call.py
[2025-04-16T14:00:38.189+0000] {processor.py:842} WARNING - No viable dags retrieved from /opt/airflow/dags/StockMarketScripts/API_Call.py
[2025-04-16T14:00:38.200+0000] {processor.py:183} INFO - Processing /opt/airflow/dags/StockMarketScripts/API_Call.py took 0.037 seconds
