[2025-04-16T11:28:03.921+0000] {processor.py:161} INFO - Started process (PID=34) to work on /opt/airflow/dags/StockMarketScripts/spark_Weather.py
[2025-04-16T11:28:03.922+0000] {processor.py:830} INFO - Processing file /opt/airflow/dags/StockMarketScripts/spark_Weather.py for tasks to queue
[2025-04-16T11:28:03.924+0000] {logging_mixin.py:188} INFO - [2025-04-16T11:28:03.924+0000] {dagbag.py:538} INFO - Filling up the DagBag from /opt/airflow/dags/StockMarketScripts/spark_Weather.py
[2025-04-16T11:28:04.055+0000] {processor.py:842} WARNING - No viable dags retrieved from /opt/airflow/dags/StockMarketScripts/spark_Weather.py
[2025-04-16T11:28:04.066+0000] {processor.py:183} INFO - Processing /opt/airflow/dags/StockMarketScripts/spark_Weather.py took 0.150 seconds
[2025-04-16T11:28:34.426+0000] {processor.py:161} INFO - Started process (PID=43) to work on /opt/airflow/dags/StockMarketScripts/spark_Weather.py
[2025-04-16T11:28:34.427+0000] {processor.py:830} INFO - Processing file /opt/airflow/dags/StockMarketScripts/spark_Weather.py for tasks to queue
[2025-04-16T11:28:34.428+0000] {logging_mixin.py:188} INFO - [2025-04-16T11:28:34.428+0000] {dagbag.py:538} INFO - Filling up the DagBag from /opt/airflow/dags/StockMarketScripts/spark_Weather.py
[2025-04-16T11:28:34.510+0000] {processor.py:842} WARNING - No viable dags retrieved from /opt/airflow/dags/StockMarketScripts/spark_Weather.py
[2025-04-16T11:28:34.522+0000] {processor.py:183} INFO - Processing /opt/airflow/dags/StockMarketScripts/spark_Weather.py took 0.099 seconds
[2025-04-16T11:29:04.922+0000] {processor.py:161} INFO - Started process (PID=52) to work on /opt/airflow/dags/StockMarketScripts/spark_Weather.py
[2025-04-16T11:29:04.922+0000] {processor.py:830} INFO - Processing file /opt/airflow/dags/StockMarketScripts/spark_Weather.py for tasks to queue
[2025-04-16T11:29:04.924+0000] {logging_mixin.py:188} INFO - [2025-04-16T11:29:04.924+0000] {dagbag.py:538} INFO - Filling up the DagBag from /opt/airflow/dags/StockMarketScripts/spark_Weather.py
[2025-04-16T11:29:04.999+0000] {processor.py:842} WARNING - No viable dags retrieved from /opt/airflow/dags/StockMarketScripts/spark_Weather.py
[2025-04-16T11:29:05.010+0000] {processor.py:183} INFO - Processing /opt/airflow/dags/StockMarketScripts/spark_Weather.py took 0.091 seconds
[2025-04-16T11:29:35.425+0000] {processor.py:161} INFO - Started process (PID=62) to work on /opt/airflow/dags/StockMarketScripts/spark_Weather.py
[2025-04-16T11:29:35.426+0000] {processor.py:830} INFO - Processing file /opt/airflow/dags/StockMarketScripts/spark_Weather.py for tasks to queue
[2025-04-16T11:29:35.429+0000] {logging_mixin.py:188} INFO - [2025-04-16T11:29:35.428+0000] {dagbag.py:538} INFO - Filling up the DagBag from /opt/airflow/dags/StockMarketScripts/spark_Weather.py
[2025-04-16T11:29:35.524+0000] {processor.py:842} WARNING - No viable dags retrieved from /opt/airflow/dags/StockMarketScripts/spark_Weather.py
[2025-04-16T11:29:35.534+0000] {processor.py:183} INFO - Processing /opt/airflow/dags/StockMarketScripts/spark_Weather.py took 0.114 seconds
[2025-04-16T11:30:05.928+0000] {processor.py:161} INFO - Started process (PID=71) to work on /opt/airflow/dags/StockMarketScripts/spark_Weather.py
[2025-04-16T11:30:05.929+0000] {processor.py:830} INFO - Processing file /opt/airflow/dags/StockMarketScripts/spark_Weather.py for tasks to queue
[2025-04-16T11:30:05.931+0000] {logging_mixin.py:188} INFO - [2025-04-16T11:30:05.930+0000] {dagbag.py:538} INFO - Filling up the DagBag from /opt/airflow/dags/StockMarketScripts/spark_Weather.py
[2025-04-16T11:30:06.020+0000] {processor.py:842} WARNING - No viable dags retrieved from /opt/airflow/dags/StockMarketScripts/spark_Weather.py
[2025-04-16T11:30:06.033+0000] {processor.py:183} INFO - Processing /opt/airflow/dags/StockMarketScripts/spark_Weather.py took 0.109 seconds
[2025-04-16T11:30:36.442+0000] {processor.py:161} INFO - Started process (PID=80) to work on /opt/airflow/dags/StockMarketScripts/spark_Weather.py
[2025-04-16T11:30:36.443+0000] {processor.py:830} INFO - Processing file /opt/airflow/dags/StockMarketScripts/spark_Weather.py for tasks to queue
[2025-04-16T11:30:36.445+0000] {logging_mixin.py:188} INFO - [2025-04-16T11:30:36.445+0000] {dagbag.py:538} INFO - Filling up the DagBag from /opt/airflow/dags/StockMarketScripts/spark_Weather.py
[2025-04-16T11:30:36.525+0000] {processor.py:842} WARNING - No viable dags retrieved from /opt/airflow/dags/StockMarketScripts/spark_Weather.py
[2025-04-16T11:30:36.538+0000] {processor.py:183} INFO - Processing /opt/airflow/dags/StockMarketScripts/spark_Weather.py took 0.100 seconds
[2025-04-16T11:31:06.923+0000] {processor.py:161} INFO - Started process (PID=89) to work on /opt/airflow/dags/StockMarketScripts/spark_Weather.py
[2025-04-16T11:31:06.924+0000] {processor.py:830} INFO - Processing file /opt/airflow/dags/StockMarketScripts/spark_Weather.py for tasks to queue
[2025-04-16T11:31:06.925+0000] {logging_mixin.py:188} INFO - [2025-04-16T11:31:06.925+0000] {dagbag.py:538} INFO - Filling up the DagBag from /opt/airflow/dags/StockMarketScripts/spark_Weather.py
[2025-04-16T11:31:07.005+0000] {processor.py:842} WARNING - No viable dags retrieved from /opt/airflow/dags/StockMarketScripts/spark_Weather.py
[2025-04-16T11:31:07.016+0000] {processor.py:183} INFO - Processing /opt/airflow/dags/StockMarketScripts/spark_Weather.py took 0.096 seconds
[2025-04-16T11:31:37.393+0000] {processor.py:161} INFO - Started process (PID=98) to work on /opt/airflow/dags/StockMarketScripts/spark_Weather.py
[2025-04-16T11:31:37.394+0000] {processor.py:830} INFO - Processing file /opt/airflow/dags/StockMarketScripts/spark_Weather.py for tasks to queue
[2025-04-16T11:31:37.396+0000] {logging_mixin.py:188} INFO - [2025-04-16T11:31:37.396+0000] {dagbag.py:538} INFO - Filling up the DagBag from /opt/airflow/dags/StockMarketScripts/spark_Weather.py
[2025-04-16T11:31:37.472+0000] {processor.py:842} WARNING - No viable dags retrieved from /opt/airflow/dags/StockMarketScripts/spark_Weather.py
[2025-04-16T11:31:37.483+0000] {processor.py:183} INFO - Processing /opt/airflow/dags/StockMarketScripts/spark_Weather.py took 0.093 seconds
[2025-04-16T11:32:07.872+0000] {processor.py:161} INFO - Started process (PID=107) to work on /opt/airflow/dags/StockMarketScripts/spark_Weather.py
[2025-04-16T11:32:07.873+0000] {processor.py:830} INFO - Processing file /opt/airflow/dags/StockMarketScripts/spark_Weather.py for tasks to queue
[2025-04-16T11:32:07.875+0000] {logging_mixin.py:188} INFO - [2025-04-16T11:32:07.875+0000] {dagbag.py:538} INFO - Filling up the DagBag from /opt/airflow/dags/StockMarketScripts/spark_Weather.py
[2025-04-16T11:32:07.967+0000] {processor.py:842} WARNING - No viable dags retrieved from /opt/airflow/dags/StockMarketScripts/spark_Weather.py
[2025-04-16T11:32:07.980+0000] {processor.py:183} INFO - Processing /opt/airflow/dags/StockMarketScripts/spark_Weather.py took 0.111 seconds
[2025-04-16T11:32:38.357+0000] {processor.py:161} INFO - Started process (PID=116) to work on /opt/airflow/dags/StockMarketScripts/spark_Weather.py
[2025-04-16T11:32:38.359+0000] {processor.py:830} INFO - Processing file /opt/airflow/dags/StockMarketScripts/spark_Weather.py for tasks to queue
[2025-04-16T11:32:38.361+0000] {logging_mixin.py:188} INFO - [2025-04-16T11:32:38.361+0000] {dagbag.py:538} INFO - Filling up the DagBag from /opt/airflow/dags/StockMarketScripts/spark_Weather.py
[2025-04-16T11:32:38.454+0000] {processor.py:842} WARNING - No viable dags retrieved from /opt/airflow/dags/StockMarketScripts/spark_Weather.py
[2025-04-16T11:32:38.466+0000] {processor.py:183} INFO - Processing /opt/airflow/dags/StockMarketScripts/spark_Weather.py took 0.113 seconds
[2025-04-16T11:33:09.079+0000] {processor.py:161} INFO - Started process (PID=125) to work on /opt/airflow/dags/StockMarketScripts/spark_Weather.py
[2025-04-16T11:33:09.080+0000] {processor.py:830} INFO - Processing file /opt/airflow/dags/StockMarketScripts/spark_Weather.py for tasks to queue
[2025-04-16T11:33:09.083+0000] {logging_mixin.py:188} INFO - [2025-04-16T11:33:09.082+0000] {dagbag.py:538} INFO - Filling up the DagBag from /opt/airflow/dags/StockMarketScripts/spark_Weather.py
[2025-04-16T11:33:09.161+0000] {processor.py:842} WARNING - No viable dags retrieved from /opt/airflow/dags/StockMarketScripts/spark_Weather.py
[2025-04-16T11:33:09.173+0000] {processor.py:183} INFO - Processing /opt/airflow/dags/StockMarketScripts/spark_Weather.py took 0.098 seconds
[2025-04-16T11:33:39.597+0000] {processor.py:161} INFO - Started process (PID=134) to work on /opt/airflow/dags/StockMarketScripts/spark_Weather.py
[2025-04-16T11:33:39.597+0000] {processor.py:830} INFO - Processing file /opt/airflow/dags/StockMarketScripts/spark_Weather.py for tasks to queue
[2025-04-16T11:33:39.599+0000] {logging_mixin.py:188} INFO - [2025-04-16T11:33:39.599+0000] {dagbag.py:538} INFO - Filling up the DagBag from /opt/airflow/dags/StockMarketScripts/spark_Weather.py
[2025-04-16T11:33:39.674+0000] {processor.py:842} WARNING - No viable dags retrieved from /opt/airflow/dags/StockMarketScripts/spark_Weather.py
[2025-04-16T11:33:39.685+0000] {processor.py:183} INFO - Processing /opt/airflow/dags/StockMarketScripts/spark_Weather.py took 0.092 seconds
[2025-04-16T11:34:10.079+0000] {processor.py:161} INFO - Started process (PID=143) to work on /opt/airflow/dags/StockMarketScripts/spark_Weather.py
[2025-04-16T11:34:10.080+0000] {processor.py:830} INFO - Processing file /opt/airflow/dags/StockMarketScripts/spark_Weather.py for tasks to queue
[2025-04-16T11:34:10.082+0000] {logging_mixin.py:188} INFO - [2025-04-16T11:34:10.081+0000] {dagbag.py:538} INFO - Filling up the DagBag from /opt/airflow/dags/StockMarketScripts/spark_Weather.py
[2025-04-16T11:34:10.159+0000] {processor.py:842} WARNING - No viable dags retrieved from /opt/airflow/dags/StockMarketScripts/spark_Weather.py
[2025-04-16T11:34:10.171+0000] {processor.py:183} INFO - Processing /opt/airflow/dags/StockMarketScripts/spark_Weather.py took 0.095 seconds
[2025-04-16T11:48:04.528+0000] {processor.py:161} INFO - Started process (PID=369) to work on /opt/airflow/dags/StockMarketScripts/spark_Weather.py
[2025-04-16T11:48:04.529+0000] {processor.py:830} INFO - Processing file /opt/airflow/dags/StockMarketScripts/spark_Weather.py for tasks to queue
[2025-04-16T11:48:04.529+0000] {logging_mixin.py:188} INFO - [2025-04-16T11:48:04.529+0000] {dagbag.py:538} INFO - Filling up the DagBag from /opt/airflow/dags/StockMarketScripts/spark_Weather.py
[2025-04-16T11:48:04.607+0000] {processor.py:842} WARNING - No viable dags retrieved from /opt/airflow/dags/StockMarketScripts/spark_Weather.py
[2025-04-16T11:48:04.619+0000] {processor.py:183} INFO - Processing /opt/airflow/dags/StockMarketScripts/spark_Weather.py took 0.094 seconds
[2025-04-16T11:48:34.964+0000] {processor.py:161} INFO - Started process (PID=378) to work on /opt/airflow/dags/StockMarketScripts/spark_Weather.py
[2025-04-16T11:48:34.965+0000] {processor.py:830} INFO - Processing file /opt/airflow/dags/StockMarketScripts/spark_Weather.py for tasks to queue
[2025-04-16T11:48:34.966+0000] {logging_mixin.py:188} INFO - [2025-04-16T11:48:34.965+0000] {dagbag.py:538} INFO - Filling up the DagBag from /opt/airflow/dags/StockMarketScripts/spark_Weather.py
[2025-04-16T11:48:35.041+0000] {processor.py:842} WARNING - No viable dags retrieved from /opt/airflow/dags/StockMarketScripts/spark_Weather.py
[2025-04-16T11:48:35.053+0000] {processor.py:183} INFO - Processing /opt/airflow/dags/StockMarketScripts/spark_Weather.py took 0.093 seconds
[2025-04-16T11:49:05.448+0000] {processor.py:161} INFO - Started process (PID=387) to work on /opt/airflow/dags/StockMarketScripts/spark_Weather.py
[2025-04-16T11:49:05.449+0000] {processor.py:830} INFO - Processing file /opt/airflow/dags/StockMarketScripts/spark_Weather.py for tasks to queue
[2025-04-16T11:49:05.450+0000] {logging_mixin.py:188} INFO - [2025-04-16T11:49:05.450+0000] {dagbag.py:538} INFO - Filling up the DagBag from /opt/airflow/dags/StockMarketScripts/spark_Weather.py
[2025-04-16T11:49:05.522+0000] {processor.py:842} WARNING - No viable dags retrieved from /opt/airflow/dags/StockMarketScripts/spark_Weather.py
[2025-04-16T11:49:05.532+0000] {processor.py:183} INFO - Processing /opt/airflow/dags/StockMarketScripts/spark_Weather.py took 0.087 seconds
[2025-04-16T11:49:35.931+0000] {processor.py:161} INFO - Started process (PID=396) to work on /opt/airflow/dags/StockMarketScripts/spark_Weather.py
[2025-04-16T11:49:35.933+0000] {processor.py:830} INFO - Processing file /opt/airflow/dags/StockMarketScripts/spark_Weather.py for tasks to queue
[2025-04-16T11:49:35.934+0000] {logging_mixin.py:188} INFO - [2025-04-16T11:49:35.933+0000] {dagbag.py:538} INFO - Filling up the DagBag from /opt/airflow/dags/StockMarketScripts/spark_Weather.py
[2025-04-16T11:49:36.013+0000] {processor.py:842} WARNING - No viable dags retrieved from /opt/airflow/dags/StockMarketScripts/spark_Weather.py
[2025-04-16T11:49:36.023+0000] {processor.py:183} INFO - Processing /opt/airflow/dags/StockMarketScripts/spark_Weather.py took 0.096 seconds
[2025-04-16T11:50:06.427+0000] {processor.py:161} INFO - Started process (PID=405) to work on /opt/airflow/dags/StockMarketScripts/spark_Weather.py
[2025-04-16T11:50:06.428+0000] {processor.py:830} INFO - Processing file /opt/airflow/dags/StockMarketScripts/spark_Weather.py for tasks to queue
[2025-04-16T11:50:06.429+0000] {logging_mixin.py:188} INFO - [2025-04-16T11:50:06.429+0000] {dagbag.py:538} INFO - Filling up the DagBag from /opt/airflow/dags/StockMarketScripts/spark_Weather.py
[2025-04-16T11:50:06.505+0000] {processor.py:842} WARNING - No viable dags retrieved from /opt/airflow/dags/StockMarketScripts/spark_Weather.py
[2025-04-16T11:50:06.516+0000] {processor.py:183} INFO - Processing /opt/airflow/dags/StockMarketScripts/spark_Weather.py took 0.092 seconds
[2025-04-16T11:50:36.911+0000] {processor.py:161} INFO - Started process (PID=414) to work on /opt/airflow/dags/StockMarketScripts/spark_Weather.py
[2025-04-16T11:50:36.912+0000] {processor.py:830} INFO - Processing file /opt/airflow/dags/StockMarketScripts/spark_Weather.py for tasks to queue
[2025-04-16T11:50:36.913+0000] {logging_mixin.py:188} INFO - [2025-04-16T11:50:36.912+0000] {dagbag.py:538} INFO - Filling up the DagBag from /opt/airflow/dags/StockMarketScripts/spark_Weather.py
[2025-04-16T11:50:36.989+0000] {processor.py:842} WARNING - No viable dags retrieved from /opt/airflow/dags/StockMarketScripts/spark_Weather.py
[2025-04-16T11:50:37.000+0000] {processor.py:183} INFO - Processing /opt/airflow/dags/StockMarketScripts/spark_Weather.py took 0.092 seconds
[2025-04-16T11:51:07.345+0000] {processor.py:161} INFO - Started process (PID=423) to work on /opt/airflow/dags/StockMarketScripts/spark_Weather.py
[2025-04-16T11:51:07.347+0000] {processor.py:830} INFO - Processing file /opt/airflow/dags/StockMarketScripts/spark_Weather.py for tasks to queue
[2025-04-16T11:51:07.349+0000] {logging_mixin.py:188} INFO - [2025-04-16T11:51:07.348+0000] {dagbag.py:538} INFO - Filling up the DagBag from /opt/airflow/dags/StockMarketScripts/spark_Weather.py
[2025-04-16T11:51:07.435+0000] {processor.py:842} WARNING - No viable dags retrieved from /opt/airflow/dags/StockMarketScripts/spark_Weather.py
[2025-04-16T11:51:07.447+0000] {processor.py:183} INFO - Processing /opt/airflow/dags/StockMarketScripts/spark_Weather.py took 0.106 seconds
[2025-04-16T11:51:37.921+0000] {processor.py:161} INFO - Started process (PID=432) to work on /opt/airflow/dags/StockMarketScripts/spark_Weather.py
[2025-04-16T11:51:37.922+0000] {processor.py:830} INFO - Processing file /opt/airflow/dags/StockMarketScripts/spark_Weather.py for tasks to queue
[2025-04-16T11:51:37.923+0000] {logging_mixin.py:188} INFO - [2025-04-16T11:51:37.923+0000] {dagbag.py:538} INFO - Filling up the DagBag from /opt/airflow/dags/StockMarketScripts/spark_Weather.py
[2025-04-16T11:51:37.996+0000] {processor.py:842} WARNING - No viable dags retrieved from /opt/airflow/dags/StockMarketScripts/spark_Weather.py
[2025-04-16T11:51:38.008+0000] {processor.py:183} INFO - Processing /opt/airflow/dags/StockMarketScripts/spark_Weather.py took 0.089 seconds
[2025-04-16T11:52:08.379+0000] {processor.py:161} INFO - Started process (PID=441) to work on /opt/airflow/dags/StockMarketScripts/spark_Weather.py
[2025-04-16T11:52:08.381+0000] {processor.py:830} INFO - Processing file /opt/airflow/dags/StockMarketScripts/spark_Weather.py for tasks to queue
[2025-04-16T11:52:08.381+0000] {logging_mixin.py:188} INFO - [2025-04-16T11:52:08.381+0000] {dagbag.py:538} INFO - Filling up the DagBag from /opt/airflow/dags/StockMarketScripts/spark_Weather.py
[2025-04-16T11:52:08.469+0000] {processor.py:842} WARNING - No viable dags retrieved from /opt/airflow/dags/StockMarketScripts/spark_Weather.py
[2025-04-16T11:52:08.484+0000] {processor.py:183} INFO - Processing /opt/airflow/dags/StockMarketScripts/spark_Weather.py took 0.109 seconds
[2025-04-16T11:52:38.808+0000] {processor.py:161} INFO - Started process (PID=450) to work on /opt/airflow/dags/StockMarketScripts/spark_Weather.py
[2025-04-16T11:52:38.809+0000] {processor.py:830} INFO - Processing file /opt/airflow/dags/StockMarketScripts/spark_Weather.py for tasks to queue
[2025-04-16T11:52:38.810+0000] {logging_mixin.py:188} INFO - [2025-04-16T11:52:38.809+0000] {dagbag.py:538} INFO - Filling up the DagBag from /opt/airflow/dags/StockMarketScripts/spark_Weather.py
[2025-04-16T11:52:38.901+0000] {processor.py:842} WARNING - No viable dags retrieved from /opt/airflow/dags/StockMarketScripts/spark_Weather.py
[2025-04-16T11:52:38.914+0000] {processor.py:183} INFO - Processing /opt/airflow/dags/StockMarketScripts/spark_Weather.py took 0.110 seconds
[2025-04-16T11:53:09.018+0000] {processor.py:161} INFO - Started process (PID=460) to work on /opt/airflow/dags/StockMarketScripts/spark_Weather.py
[2025-04-16T11:53:09.019+0000] {processor.py:830} INFO - Processing file /opt/airflow/dags/StockMarketScripts/spark_Weather.py for tasks to queue
[2025-04-16T11:53:09.020+0000] {logging_mixin.py:188} INFO - [2025-04-16T11:53:09.019+0000] {dagbag.py:538} INFO - Filling up the DagBag from /opt/airflow/dags/StockMarketScripts/spark_Weather.py
[2025-04-16T11:53:09.089+0000] {processor.py:842} WARNING - No viable dags retrieved from /opt/airflow/dags/StockMarketScripts/spark_Weather.py
[2025-04-16T11:53:09.101+0000] {processor.py:183} INFO - Processing /opt/airflow/dags/StockMarketScripts/spark_Weather.py took 0.086 seconds
[2025-04-16T11:53:39.674+0000] {processor.py:161} INFO - Started process (PID=470) to work on /opt/airflow/dags/StockMarketScripts/spark_Weather.py
[2025-04-16T11:53:39.675+0000] {processor.py:830} INFO - Processing file /opt/airflow/dags/StockMarketScripts/spark_Weather.py for tasks to queue
[2025-04-16T11:53:39.676+0000] {logging_mixin.py:188} INFO - [2025-04-16T11:53:39.676+0000] {dagbag.py:538} INFO - Filling up the DagBag from /opt/airflow/dags/StockMarketScripts/spark_Weather.py
[2025-04-16T11:53:39.749+0000] {processor.py:842} WARNING - No viable dags retrieved from /opt/airflow/dags/StockMarketScripts/spark_Weather.py
[2025-04-16T11:53:39.760+0000] {processor.py:183} INFO - Processing /opt/airflow/dags/StockMarketScripts/spark_Weather.py took 0.089 seconds
