[2025-04-16T12:23:11.224+0000] {taskinstance.py:1956} INFO - Dependencies all met for dep_context=non-requeueable deps ti=<TaskInstance: Stock_info_Proj.Spark_Processing manual__2025-04-16T12:23:07.840278+00:00 [queued]>
[2025-04-16T12:23:11.235+0000] {taskinstance.py:1956} INFO - Dependencies all met for dep_context=requeueable deps ti=<TaskInstance: Stock_info_Proj.Spark_Processing manual__2025-04-16T12:23:07.840278+00:00 [queued]>
[2025-04-16T12:23:11.236+0000] {taskinstance.py:2170} INFO - Starting attempt 1 of 1
[2025-04-16T12:23:11.251+0000] {taskinstance.py:2191} INFO - Executing <Task(PythonOperator): Spark_Processing> on 2025-04-16 12:23:07.840278+00:00
[2025-04-16T12:23:11.256+0000] {standard_task_runner.py:60} INFO - Started process 2112 to run task
[2025-04-16T12:23:11.261+0000] {standard_task_runner.py:87} INFO - Running: ['***', 'tasks', 'run', 'Stock_info_Proj', 'Spark_Processing', 'manual__2025-04-16T12:23:07.840278+00:00', '--job-id', '9', '--raw', '--subdir', 'DAGS_FOLDER/Project_tasks.py', '--cfg-path', '/tmp/tmpf51_ptn2']
[2025-04-16T12:23:11.263+0000] {standard_task_runner.py:88} INFO - Job 9: Subtask Spark_Processing
[2025-04-16T12:23:11.335+0000] {task_command.py:423} INFO - Running <TaskInstance: Stock_info_Proj.Spark_Processing manual__2025-04-16T12:23:07.840278+00:00 [running]> on host af2bad3d929d
[2025-04-16T12:23:11.426+0000] {taskinstance.py:2480} INFO - Exporting env vars: AIRFLOW_CTX_DAG_OWNER='***' AIRFLOW_CTX_DAG_ID='Stock_info_Proj' AIRFLOW_CTX_TASK_ID='Spark_Processing' AIRFLOW_CTX_EXECUTION_DATE='2025-04-16T12:23:07.840278+00:00' AIRFLOW_CTX_TRY_NUMBER='1' AIRFLOW_CTX_DAG_RUN_ID='manual__2025-04-16T12:23:07.840278+00:00'
[2025-04-16T12:24:25.946+0000] {logging_mixin.py:188} INFO - +-------------------+----------+---------+----------+-----------+------------+
|          timestamp|open_price|low_price|high_price|close_price|volume_price|
+-------------------+----------+---------+----------+-----------+------------+
|2007-04-02 08:00:00|   50.2986|  50.2986|   50.2986|    50.2986|      1778.0|
|2007-04-02 09:00:00|   50.2986|  50.4747|   50.2665|    50.2986|    453022.0|
|2007-04-02 10:00:00|   50.2986|  50.4693|   50.1918|    50.3519|    947885.0|
|2007-04-02 11:00:00|   50.3519|  50.6828|   50.3199|    50.6828|    841507.0|
|2007-04-02 12:00:00|   50.6774|  50.7575|   50.6401|    50.6507|    831047.0|
|2007-04-02 13:00:00|   50.6507|  50.7201|   50.6081|    50.6347|    573208.0|
|2007-04-02 14:00:00|   50.6347|  50.8162|   50.5867|    50.7895|    858138.0|
|2007-04-02 15:00:00|   50.7948|  50.9602|   50.7788|    50.8108|   1226330.0|
|2007-04-02 16:00:00|   50.8055|  50.8405|   50.6219|    50.8055|    294762.0|
|2007-04-02 17:00:00|   50.6307|  50.8057|   50.6307|    50.8057|     52613.0|
|2007-04-02 18:00:00|   50.7308|  50.7308|   50.7308|    50.7308|       104.0|
|2007-04-03 09:00:00|   50.9336|   51.195|   50.8695|     51.131|    511912.0|
|2007-04-03 10:00:00|   51.1363|  51.3498|   51.1363|    51.2857|   1285115.0|
|2007-04-03 11:00:00|   51.2857|  51.2857|   51.2004|    51.2324|    546953.0|
|2007-04-03 12:00:00|   51.2324|  51.2697|   51.2004|     51.227|    397480.0|
|2007-04-03 13:00:00|    51.227|  51.2697|   51.2004|    51.2217|    627809.0|
|2007-04-03 14:00:00|   51.2217|  51.2324|   51.1523|    51.1683|    783558.0|
|2007-04-03 15:00:00|    51.163|  51.3124|   51.1363|    51.2751|   1234593.0|
|2007-04-03 16:00:00|   51.2751|  51.2964|   51.2001|    51.2702|    551555.0|
|2007-04-03 17:00:00|   51.2147|  51.2147|   51.2147|    51.2147|      3033.0|
+-------------------+----------+---------+----------+-----------+------------+
only showing top 20 rows
[2025-04-16T12:24:26.054+0000] {logging_mixin.py:188} INFO - +----------------------------+
|split(4. Interval, m, -1)[0]|
+----------------------------+
|                          60|
+----------------------------+
[2025-04-16T12:25:59.630+0000] {python.py:201} INFO - Done. Returned value was: None
[2025-04-16T12:25:59.639+0000] {taskinstance.py:1138} INFO - Marking task as SUCCESS. dag_id=Stock_info_Proj, task_id=Spark_Processing, execution_date=20250416T122307, start_date=20250416T122311, end_date=20250416T122559
[2025-04-16T12:25:59.690+0000] {local_task_job_runner.py:234} INFO - Task exited with return code 0
[2025-04-16T12:25:59.704+0000] {taskinstance.py:3280} INFO - 0 downstream tasks scheduled from follow-on schedule check
